2024-08-12 20:44:38,862 Found credentials in shared credentials file: ~/.aws/credentials
2024-08-12 20:44:41,950 Prepared values for opp_key: Madison-da925a71afc24d61a46ef7ff16eca8ac
2024-08-12 20:44:41,951 Prepared values for opp_key: Madison-cdab6695977a4d298f3d6e4351ea273d
2024-08-12 20:44:41,951 Prepared values for opp_key: Madison-dcbcd122d262495bba06a00d32ce03bc
2024-08-12 20:44:41,951 Prepared values for opp_key: Madison-00de0709b3754ff097573e72678fedaa
2024-08-12 20:44:41,951 Prepared values for opp_key: Madison-c8e9ec4163234045b60d3ae7d9e7173f
2024-08-12 20:44:42,889 Data uploaded to PostgreSQL successfully.
2024-08-12 20:44:43,236 Prepared values for opp_key: Madison-ef49055693664a57997a8fe72e0f330f
2024-08-12 20:44:43,237 Prepared values for opp_key: Madison-7192a96bac3742c2a3163e9d7d2a99ce
2024-08-12 20:44:43,237 Prepared values for opp_key: Madison-ebb195ace57b4ccf9bdb7c84dac42e6a
2024-08-12 20:44:43,237 Prepared values for opp_key: Madison-5c80f6001ab545869aa8e01102e83759
2024-08-12 20:44:43,237 Prepared values for opp_key: Madison-e38a63246def43a1827fb77c47a5fd30
2024-08-12 20:44:43,237 Prepared values for opp_key: Madison-cfa6ddece67c45b6b553683a6408f763
2024-08-12 20:44:43,237 Prepared values for opp_key: Madison-d4719b4db8a24b3e87166f2de32538e1
2024-08-12 20:44:44,066 Data uploaded to PostgreSQL successfully.
2024-08-12 20:44:44,355 Prepared values for opp_key: Madison-467
2024-08-12 20:44:44,355 Prepared values for opp_key: Madison-f7b36f8166af48d8b5cd24778dd6a301
2024-08-12 20:44:44,355 Prepared values for opp_key: Madison-062a2c68b9894db2a2046c045ee7c159
2024-08-12 20:44:45,154 Data uploaded to PostgreSQL successfully.
2024-08-12 20:44:45,455 Prepared values for opp_key: Madison-516
2024-08-12 20:44:45,455 Prepared values for opp_key: Madison-d0c7a599a0e44958917433caacde6802
2024-08-12 20:44:45,455 Prepared values for opp_key: Madison-8ff1a624ca684d29b4fa2add0d91b4ce
2024-08-12 20:44:45,455 Prepared values for opp_key: Madison-0d4d0842edb648d9ba406a98fce4e728
2024-08-12 20:44:45,455 Prepared values for opp_key: Madison-7fd1014f43dd40529e0dc1ab1e739d0d
2024-08-12 20:44:45,455 Prepared values for opp_key: Madison-466
2024-08-12 20:44:46,350 Data uploaded to PostgreSQL successfully.
2024-08-12 20:44:46,645 Prepared values for opp_key: Madison-37b91ec409b24690897ecddf48b5156e
2024-08-12 20:44:46,646 Prepared values for opp_key: Madison-e96d7ee7811f455486bf7194c90b9143
2024-08-12 20:44:46,646 Prepared values for opp_key: Madison-f903dc76f31c4897b7e9b490d346db05
2024-08-12 20:44:47,589 Data uploaded to PostgreSQL successfully.
2024-08-12 20:44:47,872 Prepared values for opp_key: Madison-c535564d6c2f47e7bca169307300ea32
2024-08-12 20:44:47,873 Prepared values for opp_key: Madison-3973c83e3dd5493292017bafd7bef4d7
2024-08-12 20:44:47,873 Prepared values for opp_key: Madison-04bd8bab262d42b696dbd78ecf690f11
2024-08-12 20:44:48,673 Data uploaded to PostgreSQL successfully.
2024-08-12 20:44:48,972 Prepared values for opp_key: Madison-4995f60ed9c444229e3e3912b703f81c
2024-08-12 20:44:49,887 Data uploaded to PostgreSQL successfully.
2024-08-12 20:44:50,173 Prepared values for opp_key: Madison-c408b74165ea427f9995bbd9bedd1267
2024-08-12 20:44:50,173 Prepared values for opp_key: Madison-276c32475aef42ab90253608d5bcb049
2024-08-12 20:44:51,014 Data uploaded to PostgreSQL successfully.
2024-08-12 20:44:51,310 Prepared values for opp_key: Madison-0526aee3674b430f9d82b715439c0d08
2024-08-12 20:44:51,310 Prepared values for opp_key: Madison-8b4a4be102434de58700b3402e963796
2024-08-12 20:44:51,310 Prepared values for opp_key: Madison-4c727ccf2f6d4ddaa5afb02390b86805
2024-08-12 20:44:51,310 Prepared values for opp_key: Madison-e20622ac97644d61a75afb43bb3d18a1
2024-08-12 20:44:51,310 Prepared values for opp_key: Madison-8423017478674497b10e80eaed378fcc
2024-08-12 20:44:51,310 Prepared values for opp_key: Madison-5d72ade5168c4a70b89cf869cc463a2c
2024-08-12 20:44:51,311 Prepared values for opp_key: Madison-3ae3278ddc1d4a689a9b6261d8a114e1
2024-08-12 20:44:52,113 Data uploaded to PostgreSQL successfully.
2024-08-12 20:44:52,407 Prepared values for opp_key: Madison-40416
2024-08-12 20:44:52,407 Prepared values for opp_key: Madison-c2c3555d437845b4a4409aa15564dcf2
2024-08-12 20:44:52,407 Prepared values for opp_key: Madison-9cab925717db494aa706731e06c3bde8
2024-08-12 20:44:53,252 Data uploaded to PostgreSQL successfully.
2024-08-12 20:44:53,576 Prepared values for opp_key: Madison-295d3e55534a4e45b9e40fdf00df2470
2024-08-12 20:44:53,576 Prepared values for opp_key: Madison-9357d5f9e2494a3aa14f8adcb65f6625
2024-08-12 20:44:53,577 Prepared values for opp_key: Madison-ec6e531992e84b1e9140e37fda1337e1
2024-08-12 20:44:54,370 Data uploaded to PostgreSQL successfully.
2024-08-12 20:44:54,662 Prepared values for opp_key: Madison-62b1fa36a30e4da2b2685a11058f076e
2024-08-12 20:44:54,662 Prepared values for opp_key: Madison-03c2f8ed304d4a42bba59c3601ef949a
2024-08-12 20:44:54,662 Prepared values for opp_key: Madison-a9530e51817f486bba6a648f02c6439b
2024-08-12 20:44:54,662 Prepared values for opp_key: Madison-af819131d08047e48a92e76968ca0bb3
2024-08-12 20:44:55,453 Data uploaded to PostgreSQL successfully.
2024-08-12 20:44:55,750 Prepared values for opp_key: Madison-cace46ee8dc4433084745164c48b9cc0
2024-08-12 20:44:55,750 Prepared values for opp_key: Madison-bdaa8674f68e42cd8d905c32681db279
2024-08-12 20:44:55,750 Prepared values for opp_key: Madison-a79978c892844f159bbb78619d5ace0a
2024-08-12 20:44:55,750 Prepared values for opp_key: Madison-207dcb8c66f74641aa8508dd93cf10b1
2024-08-12 20:44:55,750 Prepared values for opp_key: Madison-5d6f720bd317434495587327f690b8ec
2024-08-12 20:44:55,750 Prepared values for opp_key: Madison-6b19ee2be6f64d279b7ca75cc59ae054
2024-08-12 20:44:55,751 Prepared values for opp_key: Madison-b880b3da223c4db7afbd6a06ca19da90
2024-08-12 20:44:55,751 Prepared values for opp_key: Madison-060cf58c0bf64ed5ac7edff8fa2c92e1
2024-08-12 20:44:55,751 Prepared values for opp_key: Madison-00d3d87f975e4368a5216cf218cfa1df
2024-08-12 20:44:55,751 Prepared values for opp_key: Madison-222b7eeaf7724344946d3ad9d338a277
2024-08-12 20:44:55,751 Prepared values for opp_key: Madison-507
2024-08-12 20:44:55,751 Prepared values for opp_key: Madison-a5aa47874b364f6facf51e27f8f8fe91
2024-08-12 20:44:56,543 Data uploaded to PostgreSQL successfully.
2024-08-12 20:44:56,836 Prepared values for opp_key: Madison-b95a88ad68304e889cb0010bea2822bb
2024-08-12 20:44:56,836 Prepared values for opp_key: Madison-2cdc2892c8b741de8caf567ff1e83679
2024-08-12 20:44:56,836 Prepared values for opp_key: Madison-f60207490d5746ac9eba7f7e7922d905
2024-08-12 20:44:56,836 Prepared values for opp_key: Madison-b4572fdc7eac4a8d8498ef8ee0d5c2c4
2024-08-12 20:44:56,836 Prepared values for opp_key: Madison-2fbede2303ad4cbca6a9df48d52a0522
2024-08-12 20:44:56,836 Prepared values for opp_key: Madison-558ff21baa2b44298aa3b106ccfd5b94
2024-08-12 20:44:57,633 Data uploaded to PostgreSQL successfully.
2024-08-12 20:44:57,928 Prepared values for opp_key: Madison-09893af0f6574fe9b04a691478581903
2024-08-12 20:44:57,928 Prepared values for opp_key: Madison-cb722196198c4f48aaf4eeed15d1bcdd
2024-08-12 20:44:57,928 Prepared values for opp_key: Madison-5d123f68a2384d5ea8ce45a3fa975b84
2024-08-12 20:44:57,928 Prepared values for opp_key: Madison-aee3cba6521640ba9c697b31a3927e2c
2024-08-12 20:44:57,928 Prepared values for opp_key: Madison-a130a0fb94064f49af18f57d4967d3e8
2024-08-12 20:44:57,928 Prepared values for opp_key: Madison-74a5e400fdf54c2284a1ee1dbbfdf635
2024-08-12 20:44:58,722 Data uploaded to PostgreSQL successfully.
2024-08-12 20:44:59,002 Prepared values for opp_key: Madison-5f0c7998df274a7281e5c03ae845b7bc
2024-08-12 20:44:59,002 Prepared values for opp_key: Madison-15997741344246baa1c75b5b6a987d8e
2024-08-12 20:44:59,002 Prepared values for opp_key: Madison-ead7c2fa9b8e4d348eb461101e411b91
2024-08-12 20:44:59,794 Data uploaded to PostgreSQL successfully.
2024-08-12 20:45:00,078 Prepared values for opp_key: Madison-ee8fd3a22a7c4fc490d7b9be3015974b
2024-08-12 20:45:00,079 Prepared values for opp_key: Madison-369348bc8557400a8d2ab653f418199b
2024-08-12 20:45:00,079 Prepared values for opp_key: Madison-5f59478a42cc4a3a980888e4c99c22fb
2024-08-12 20:45:00,872 Data uploaded to PostgreSQL successfully.
2024-08-12 20:45:01,150 Prepared values for opp_key: Madison-1fa919862d004dcaa0d0bd84949d50cf
2024-08-12 20:45:01,150 Prepared values for opp_key: Madison-487
2024-08-12 20:45:01,151 Prepared values for opp_key: Madison-abb82096547d44e2a992443f932feba3
2024-08-12 20:45:01,151 Prepared values for opp_key: Madison-854b60323e86407888fa91b2fce64a43
2024-08-12 20:45:01,151 Prepared values for opp_key: Madison-731b7bc48584486c9c565c07fdf0cec1
2024-08-12 20:45:01,151 Prepared values for opp_key: Madison-19f036b6033f49429277585619d32d7a
2024-08-12 20:45:01,151 Prepared values for opp_key: Madison-abd048ecffa64e5cafafeb8d78c6e40a
2024-08-12 20:45:01,981 Data uploaded to PostgreSQL successfully.
2024-08-12 20:45:02,275 Prepared values for opp_key: Madison-5c5cdeab5da54d7e9903e0fe80e418c4
2024-08-12 20:45:02,275 Prepared values for opp_key: Madison-621e7e0cc5964c2098953c11e5994a8e
2024-08-12 20:45:02,275 Prepared values for opp_key: Madison-21945450d5564648922070c66f445a11
2024-08-12 20:45:02,275 Prepared values for opp_key: Madison-41379d92da6049c9ac44325c66439c1b
2024-08-12 20:45:03,095 Data uploaded to PostgreSQL successfully.
2024-08-12 20:45:03,382 Prepared values for opp_key: Madison-511
2024-08-12 20:45:03,382 Prepared values for opp_key: Madison-325c25b00c534fffb0e87166d70f20ce
2024-08-12 20:45:03,382 Prepared values for opp_key: Madison-672367b2323e4d25a7de092141d29eea
2024-08-12 20:45:03,382 Prepared values for opp_key: Madison-e91556d847834a52b7ef445bd9606cb0
2024-08-12 20:45:03,382 Prepared values for opp_key: Madison-7fd4aaf02d1a4055b2cf5258873250da
2024-08-12 20:45:03,382 Prepared values for opp_key: Madison-046557a54dc949f49909cc212357bb3c
2024-08-12 20:45:04,173 Data uploaded to PostgreSQL successfully.
2024-08-12 20:45:04,467 Prepared values for opp_key: Madison-881b8234e88d41b1817c74ab932a7307
2024-08-12 20:45:04,467 Prepared values for opp_key: Madison-8541f14923b242d68c0aa94b0d454002
2024-08-12 20:45:04,467 Prepared values for opp_key: Madison-074b49594b1c4152a471dbc7e7799dba
2024-08-12 20:45:04,467 Prepared values for opp_key: Madison-59c60b4c562f4d0daa15f952f6be7189
2024-08-12 20:45:04,467 Prepared values for opp_key: Madison-afae942a48ef4d5bb93f4a80501fc144
2024-08-12 20:45:04,467 Prepared values for opp_key: Madison-5468ee51f5b7417887d3786b295d703c
2024-08-12 20:45:04,467 Prepared values for opp_key: Madison-c934ce8085b448b38b34c410acedaf1c
2024-08-12 20:45:04,467 Prepared values for opp_key: Madison-74ce2ee7e1a64d879e75e03efce8cdca
2024-08-12 20:45:04,467 Prepared values for opp_key: Madison-f870f66b05b049b0b4041918cf858ee3
2024-08-12 20:45:05,307 Data uploaded to PostgreSQL successfully.
2024-08-12 20:45:05,605 Prepared values for opp_key: Madison-bd5343c9320747e48d041b04f824723b
2024-08-12 20:45:05,606 Prepared values for opp_key: Madison-d3455365a6a445b4b162bdef89a04ce4
2024-08-12 20:45:05,606 Prepared values for opp_key: Madison-9618416af5f542b083c85ebd6fab774e
2024-08-12 20:45:05,606 Prepared values for opp_key: Madison-bfa08887da98446194e79cca78261988
2024-08-12 20:45:05,606 Prepared values for opp_key: Madison-3a3d8e35c58748939dcd339b736de490
2024-08-12 20:45:05,606 Prepared values for opp_key: Madison-aac9c25544df4f3c90c84c0e57527363
2024-08-12 20:45:06,431 Data uploaded to PostgreSQL successfully.
2024-08-12 20:45:06,722 Prepared values for opp_key: Madison-c1a1d119b0774c62a2dff39431875ec1
2024-08-12 20:45:06,723 Prepared values for opp_key: Madison-1828049f96784655b3123cab9e44422d
2024-08-12 20:45:06,723 Prepared values for opp_key: Madison-662a7c0fff4542f0950728eb2efce91f
2024-08-12 20:45:06,723 Prepared values for opp_key: Madison-bf46807d72e34746a7c73c350ecfe6cd
2024-08-12 20:45:06,723 Prepared values for opp_key: Madison-446f7a2086cf42aca531339506a67074
2024-08-12 20:45:06,723 Prepared values for opp_key: Madison-897bc759787544979d2e83ec8c544f14
2024-08-12 20:45:07,660 Data uploaded to PostgreSQL successfully.
2024-08-12 20:45:07,956 Prepared values for opp_key: Madison-874ebbe1de104ee58237b5baa96ee103
2024-08-12 20:45:07,957 Prepared values for opp_key: Madison-a61e05470bf242849b622a7e14d6473d
2024-08-12 20:45:07,957 Prepared values for opp_key: Madison-3d9078f3062241be918ab7707f661a57
2024-08-12 20:45:07,957 Prepared values for opp_key: Madison-a561ead8530c4544bb8c53e6f8e443ef
2024-08-12 20:45:07,957 Prepared values for opp_key: Madison-None
2024-08-12 20:45:07,957 Prepared values for opp_key: Madison-8e7ffc4b847043e09599dd982441c6af
2024-08-12 20:45:07,957 Prepared values for opp_key: Madison-4522335cdaac41b7a9439f565f78d161
2024-08-12 20:45:08,831 Data uploaded to PostgreSQL successfully.
2024-08-12 20:45:09,119 Prepared values for opp_key: Madison-bcb956e78bca491591bf18e114be6c20
2024-08-12 20:45:09,119 Prepared values for opp_key: Madison-6ea5428513554caf9ec3d36854c01fe7
2024-08-12 20:45:09,120 Prepared values for opp_key: Madison-67f8f385d4114d269c7d36e42c0c1d69
2024-08-12 20:45:09,120 Prepared values for opp_key: Madison-3b6e6fddd75b49ac990eff2eb8e3cb33
2024-08-12 20:45:10,060 Data uploaded to PostgreSQL successfully.
2024-08-12 20:45:10,370 Prepared values for opp_key: Madison-7fa50fb58b8845958c9e76ff54bff143
2024-08-12 20:45:10,370 Prepared values for opp_key: Madison-d1e9b36ef34549c58dfc85ee1d659648
2024-08-12 20:45:10,370 Prepared values for opp_key: Madison-d1b5ea25530243c5b3ebc33355801b26
2024-08-12 20:45:11,166 Data uploaded to PostgreSQL successfully.
2024-08-12 20:45:11,495 Prepared values for opp_key: Madison-747e0f7e7d9f4cb7a41c64f7989fc172
2024-08-12 20:45:11,495 Prepared values for opp_key: Madison-9cd19f44922946d5a9295d3aba56497e
2024-08-12 20:45:11,496 Prepared values for opp_key: Madison-e4da8689cf9448b4a9aefdc7d4f8fddf
2024-08-12 20:45:11,496 Prepared values for opp_key: Madison-cc0a36e6f86a42faa642876ccb5b7cb5
2024-08-12 20:45:12,370 Data uploaded to PostgreSQL successfully.
2024-08-12 20:45:12,665 Prepared values for opp_key: Madison-03a2fbac0b174f089ede6448bccbedcc
2024-08-12 20:45:12,665 Prepared values for opp_key: Madison-2d9aef6c85a44274947a64aee1e264ea
2024-08-12 20:45:12,665 Prepared values for opp_key: Madison-0b1c77d0ccb8404bbfd6aa2be311a92b
2024-08-12 20:45:12,665 Prepared values for opp_key: Madison-c985ad95687e45e2976f14107e2c25fe
2024-08-12 20:45:12,665 Prepared values for opp_key: Madison-eaa99fe1b57444a4b9a48e00da3046d9
2024-08-12 20:45:13,642 Data uploaded to PostgreSQL successfully.
2024-08-12 20:45:13,927 Prepared values for opp_key: Madison-59f0100f05c24c1982c276c6f27ab32a
2024-08-12 20:45:14,715 Data uploaded to PostgreSQL successfully.
2024-08-12 20:45:15,007 Prepared values for opp_key: Madison-a59e00201e6f41f499a0b25e2856b2cd
2024-08-12 20:45:15,008 Prepared values for opp_key: Madison-87ddad56f8e7477c8f4bc98bcd9d7991
2024-08-12 20:45:15,008 Prepared values for opp_key: Madison-14c41773bbc64e49a6e29834fd1f9f72
2024-08-12 20:45:15,801 Data uploaded to PostgreSQL successfully.
2024-08-12 20:45:16,083 Prepared values for opp_key: Madison-1f9eaf8988ae4aaba64a1e8c469639ed
2024-08-12 20:45:16,083 Prepared values for opp_key: Madison-c64399f2e4ce422696f88ecf3aa21e1e
2024-08-12 20:45:16,083 Prepared values for opp_key: Madison-509
2024-08-12 20:45:16,084 Prepared values for opp_key: Madison-8fd92ffb2581412b9317987f9a519b67
2024-08-12 20:45:16,084 Prepared values for opp_key: Madison-0a789d618de24a5890e07f894d99b8b2
2024-08-12 20:45:16,084 Prepared values for opp_key: Madison-571a6966f9bc4357a1653ebfe1834440
2024-08-12 20:45:16,878 Data uploaded to PostgreSQL successfully.
2024-08-12 20:45:17,153 Prepared values for opp_key: Madison-5f14bca53fd6464db93e4e7e2a5635f0
2024-08-12 20:45:17,945 Data uploaded to PostgreSQL successfully.
2024-08-12 20:45:18,245 Prepared values for opp_key: Madison-64770e99b7d9464fa74308978198313d
2024-08-12 20:45:18,245 Prepared values for opp_key: Madison-3612b91f420d44e98058b045108472bd
2024-08-12 20:45:18,245 Prepared values for opp_key: Madison-f724e952d2914e2a9c91c88341f7c2f6
2024-08-12 20:45:18,245 Prepared values for opp_key: Madison-2cf6363cfc4d47d39248b0a378a4afef
2024-08-12 20:45:19,173 Data uploaded to PostgreSQL successfully.
2024-08-12 20:45:19,453 Prepared values for opp_key: Madison-585e06eae5594adab0a0b56ad38d3a81
2024-08-12 20:45:19,453 Prepared values for opp_key: Madison-53bcfb4c6ef7434696b3fc3a685f2912
2024-08-12 20:45:19,453 Prepared values for opp_key: Madison-b71e4bff6ae04e77a533be32c07c79cd
2024-08-12 20:45:19,454 Prepared values for opp_key: Madison-dacfcc011fc84d3887c6cd22d0e5fd08
2024-08-12 20:45:19,454 Prepared values for opp_key: Madison-8021480e1e744f799821894144f2f14f
2024-08-12 20:45:19,454 Prepared values for opp_key: Madison-ddf879037ee04cbe926a6ffde248bea7
2024-08-12 20:45:19,454 Prepared values for opp_key: Madison-30e50cf2ac894ba9899c7d926bfe72cf
2024-08-12 20:45:20,245 Data uploaded to PostgreSQL successfully.
2024-08-12 20:45:20,521 Prepared values for opp_key: Madison-ef285281c24b428297c6a7d975dbc91f
2024-08-12 20:45:20,521 Prepared values for opp_key: Madison-504
2024-08-12 20:45:20,521 Prepared values for opp_key: Madison-f5da3483e7054b75a29aaaccf514dae2
2024-08-12 20:45:20,521 Prepared values for opp_key: Madison-6520ae24f8244e3f9e3eae7e7df6f087
2024-08-12 20:45:21,318 Data uploaded to PostgreSQL successfully.
2024-08-12 20:45:21,610 Prepared values for opp_key: Madison-f89789bfd6614ae396b7ebe3b54a30ed
2024-08-12 20:45:21,611 Prepared values for opp_key: Madison-0e60ea747d844cf1bb0003d6f6cf9d35
2024-08-12 20:45:21,611 Prepared values for opp_key: Madison-7b3ce99fc7cf40bf9e3ab013f95ccf5a
2024-08-12 20:45:21,611 Prepared values for opp_key: Madison-f68b198592b045d28158754276fbcfb1
2024-08-12 20:45:22,401 Data uploaded to PostgreSQL successfully.
2024-08-12 20:45:22,701 Prepared values for opp_key: Madison-6f015fff449a4d8885ddde341a542feb
2024-08-12 20:45:22,701 Prepared values for opp_key: Madison-1d3178db758d42418867e46cf02ee10d
2024-08-12 20:45:22,701 Prepared values for opp_key: Madison-745352495ecc49b88b56e87b23793857
2024-08-12 20:45:22,701 Prepared values for opp_key: Madison-fb1bdf943d41479b897b767f7129dc38
2024-08-12 20:45:22,701 Prepared values for opp_key: Madison-d82aaa4bbcc0434292127aeecbcd92f9
2024-08-12 20:45:22,701 Prepared values for opp_key: Madison-6aec74c90fe04d56aa9a57f9998a2396
2024-08-12 20:45:22,701 Prepared values for opp_key: Madison-33c63e49373446d9ba450a7895685e6f
2024-08-12 20:45:23,534 Data uploaded to PostgreSQL successfully.
2024-08-12 20:45:23,825 Prepared values for opp_key: Madison-62af8e498ab24fd8a102fcb5fb6096a9
2024-08-12 20:45:23,825 Prepared values for opp_key: Madison-53f54c4b59df41bfa61ddc1963e9ca87
2024-08-12 20:45:23,825 Prepared values for opp_key: Madison-05e9e50cbaac472bbc1acc409e78dd58
2024-08-12 20:45:24,614 Data uploaded to PostgreSQL successfully.
2024-08-12 20:45:24,907 Prepared values for opp_key: Madison-ddf36adeb0904ff59f4a571e03e78874
2024-08-12 20:45:24,907 Prepared values for opp_key: Madison-6d3bcacc437a41e6b71efa7035e21529
2024-08-12 20:45:25,747 Data uploaded to PostgreSQL successfully.
2024-08-12 20:45:26,027 Prepared values for opp_key: Madison-1b57855550bb4de884d1c553585ab3a0
2024-08-12 20:45:26,027 Prepared values for opp_key: Madison-0879c261f70f4abc81da81ea1c8e5670
2024-08-12 20:45:26,027 Prepared values for opp_key: Madison-104ca3a1b45d460ab05f1c999c5ac57a
2024-08-12 20:45:26,027 Prepared values for opp_key: Madison-ab8350f9d7b74c59a8b399990b99c2e0
2024-08-12 20:45:26,956 Data uploaded to PostgreSQL successfully.
2024-08-12 20:45:27,262 Prepared values for opp_key: Madison-392ebeb333e54f9d95f039888f03fe2c
2024-08-12 20:45:27,262 Prepared values for opp_key: Madison-0e5943793b414eba82dca9ed4aa2ae26
2024-08-12 20:45:28,053 Data uploaded to PostgreSQL successfully.
2024-08-12 20:45:28,330 Prepared values for opp_key: Madison-81d57509a27e4cb3b77755f9fbce0b4a
2024-08-12 20:45:28,331 Prepared values for opp_key: Madison-8d3e51d6613d445b95f3c47d2199ff7e
2024-08-12 20:45:29,122 Data uploaded to PostgreSQL successfully.
2024-08-12 20:45:29,427 Prepared values for opp_key: Madison-21172ec9edd74364ae9576bd7239c950
2024-08-12 20:45:29,427 Prepared values for opp_key: Madison-5c56a688ea224d6abd346cded54f24de
2024-08-12 20:45:29,427 Prepared values for opp_key: Madison-6c8fed1b4dfb4514ae992899e704c8d7
2024-08-12 20:45:29,427 Prepared values for opp_key: Madison-0a7c537a6fa745d48cd534e3f8ef0d23
2024-08-12 20:45:29,428 Prepared values for opp_key: Madison-e53c1541a0b34ec092e23ffa919e42d4
2024-08-12 20:45:30,223 Data uploaded to PostgreSQL successfully.
2024-08-12 20:45:30,521 Prepared values for opp_key: Madison-3ef43d6e4ec54dacaf428f0ddb3e5e71
2024-08-12 20:45:30,521 Prepared values for opp_key: Madison-5ef8c6260ce9430ba26ae8f4142006bd
2024-08-12 20:45:30,522 Prepared values for opp_key: Madison-6b722805b9ad43d9976abf388e7bd882
2024-08-12 20:45:30,522 Prepared values for opp_key: Madison-440aef4db7c34fec978cfa821c135c7d
2024-08-12 20:45:31,321 Data uploaded to PostgreSQL successfully.
2024-08-12 20:45:31,638 Prepared values for opp_key: Madison-6900ca396ecc47f880318c96ab6cc250
2024-08-12 20:45:31,639 Prepared values for opp_key: Madison-ed84eeafa75b407baa99e748329ec2d8
2024-08-12 20:45:31,639 Prepared values for opp_key: Madison-3eb323ba85d844f29935f063c30090c3
2024-08-12 20:45:31,639 Prepared values for opp_key: Madison-f44e9f6474ef4ff6ada133b663842ce2
2024-08-12 20:45:32,504 Data uploaded to PostgreSQL successfully.
2024-08-12 20:45:32,795 Prepared values for opp_key: Madison-485
2024-08-12 20:45:32,796 Prepared values for opp_key: Madison-57b640b3eb25499cadd849c20d0b8552
2024-08-12 20:45:33,628 Data uploaded to PostgreSQL successfully.
2024-08-12 20:45:33,935 Prepared values for opp_key: Madison-cdb7ae473dd4437494bf225c5c772445
2024-08-12 20:45:33,935 Prepared values for opp_key: Madison-b0c9e3a3bd6d44cf808cdd475f2f120b
2024-08-12 20:45:33,935 Prepared values for opp_key: Madison-8e6be8722806495b892343032ac691a3
2024-08-12 20:45:33,936 Prepared values for opp_key: Madison-88141dfef4fa458fbe16f8099e021e44
2024-08-12 20:45:33,936 Prepared values for opp_key: Madison-1838d06870cb47e1a405b0fbdacbb88c
2024-08-12 20:45:34,842 Data uploaded to PostgreSQL successfully.
2024-08-12 20:45:35,144 Prepared values for opp_key: Madison-496
2024-08-12 20:45:35,144 Prepared values for opp_key: Madison-1deaa24ff0c7491f8a6e1500206d5581
2024-08-12 20:45:35,144 Prepared values for opp_key: Madison-1f6657b89e8c416ea2407fe4ec9a0cf4
2024-08-12 20:45:35,145 Prepared values for opp_key: Madison-ef623d3db90a413daf7c5ac812820d00
2024-08-12 20:45:35,935 Data uploaded to PostgreSQL successfully.
2024-08-12 20:45:36,213 Prepared values for opp_key: Madison-5029dc51da26491299599817be7af541
2024-08-12 20:45:36,214 Prepared values for opp_key: Madison-7d23f09bdf5141dc8ff018931e0177ff
2024-08-12 20:45:36,214 Prepared values for opp_key: Madison-78e40eab519041deb8a585161d619fae
2024-08-12 20:45:37,006 Data uploaded to PostgreSQL successfully.
2024-08-12 20:45:37,317 Prepared values for opp_key: Madison-0d9b2b1ea5e844b9a3d1ea0d400d76b4
2024-08-12 20:45:37,318 Prepared values for opp_key: Madison-491
2024-08-12 20:45:37,318 Prepared values for opp_key: Madison-4befec472bde4d7eac872cc3466f43ad
2024-08-12 20:45:37,318 Prepared values for opp_key: Madison-530c724451d94f999942e868dc8c8483
2024-08-12 20:45:38,109 Data uploaded to PostgreSQL successfully.
2024-08-12 20:45:38,416 Prepared values for opp_key: Madison-2f50b3b588ed460e8e492d6946d49d2f
2024-08-12 20:45:38,416 Prepared values for opp_key: Madison-405b7471e32243b6b87c5136b75a76f2
2024-08-12 20:45:38,416 Prepared values for opp_key: Madison-5ea6e18637be4bb98721ca8fd8418807
2024-08-12 20:45:38,417 Prepared values for opp_key: Madison-0d99f12f14cf4e6eb0fe06388ce921d6
2024-08-12 20:45:38,417 Prepared values for opp_key: Madison-c05c5315dbae4376b77c2b0974ce9817
2024-08-12 20:45:38,417 Prepared values for opp_key: Madison-1a74c26b390944f9a5f5869f8ebfbb7f
2024-08-12 20:45:38,417 Prepared values for opp_key: Madison-e89822dc3bfb4e0c9cd945b352b44236
2024-08-12 20:45:38,417 Prepared values for opp_key: Madison-c615f6bc672b4bf1ba1e9aaee237d71c
2024-08-12 20:45:39,211 Data uploaded to PostgreSQL successfully.
2024-08-12 20:45:39,514 Prepared values for opp_key: Madison-fe5d6dab402f40b89abfdd9a017b28c7
2024-08-12 20:45:39,515 Prepared values for opp_key: Madison-d546d09d392d4ecd96c018d2aa465a65
2024-08-12 20:45:39,515 Prepared values for opp_key: Madison-6d58f1b765104d8088258c462f0636a6
2024-08-12 20:45:39,515 Prepared values for opp_key: Madison-8584713bd6de46e4b298308c8b47b977
2024-08-12 20:45:39,515 Prepared values for opp_key: Madison-18f88f8748cb41bda2ce46171888afd8
2024-08-12 20:45:39,515 Prepared values for opp_key: Madison-c496cf663f04474fa766e05b16ef7863
2024-08-12 20:45:40,307 Data uploaded to PostgreSQL successfully.
2024-08-12 20:45:40,599 Prepared values for opp_key: Madison-0531304e505d4dcea3f326c1d8b4ced5
2024-08-12 20:45:40,599 Prepared values for opp_key: Madison-4281e3ad91ce443f95fe6ac9d97d9fc3
2024-08-12 20:45:40,599 Prepared values for opp_key: Madison-9c15de7a970c47b1985c6ea34b545c26
2024-08-12 20:45:40,599 Prepared values for opp_key: Madison-99c2615eae2a46f4a0d9fa188f78172e
2024-08-12 20:45:40,599 Prepared values for opp_key: Madison-d72e3cd651fa4e4b9bd61b05cefb9db4
2024-08-12 20:45:41,392 Data uploaded to PostgreSQL successfully.
2024-08-12 20:45:41,689 Prepared values for opp_key: Madison-11bc355806d642449eb2c778be8d3b28
2024-08-12 20:45:41,690 Prepared values for opp_key: Madison-06e8e2d7b9814452bd914542e92f5229
2024-08-12 20:45:41,690 Prepared values for opp_key: Madison-d11d681206344e6f85746c292c0c5f47
2024-08-12 20:45:42,486 Data uploaded to PostgreSQL successfully.
2024-08-12 20:45:42,778 Prepared values for opp_key: Madison-ca01a80c5cb146e8a7b52455fe6fa9b7
2024-08-12 20:45:42,778 Prepared values for opp_key: Madison-510
2024-08-12 20:45:42,778 Prepared values for opp_key: Madison-515
2024-08-12 20:45:42,779 Prepared values for opp_key: Madison-ed34338e2fa4449c85e714b811497cd0
2024-08-12 20:45:42,779 Prepared values for opp_key: Madison-31798dcfa8fb40b98648afde53e8212e
2024-08-12 20:45:42,779 Prepared values for opp_key: Madison-842c3df2a8a744c286f7fee594f696bf
2024-08-12 20:45:42,779 Prepared values for opp_key: Madison-b3beeda1177f479499bb6d2e0a261d0c
2024-08-12 20:45:43,705 Data uploaded to PostgreSQL successfully.
2024-08-12 20:45:43,996 Prepared values for opp_key: Madison-1f86eb7dd4ba4b5f85db7f48c668702e
2024-08-12 20:45:43,996 Prepared values for opp_key: Madison-33897992c89a4060a312e4a6b57f609b
2024-08-12 20:45:43,996 Prepared values for opp_key: Madison-6260eb2c9ab64e2c9d4f8375383a6c34
2024-08-12 20:45:43,997 Prepared values for opp_key: Madison-76f877c5efb04d3bbba55c24500b3531
2024-08-12 20:45:44,877 Data uploaded to PostgreSQL successfully.
2024-08-12 20:45:45,188 Prepared values for opp_key: Madison-1baa941c04e04f1bbfa9c62fba4e9049
2024-08-12 20:45:45,188 Prepared values for opp_key: Madison-52f86c9cd49a48e0ac27341dfd6a67f6
2024-08-12 20:45:45,189 Prepared values for opp_key: Madison-df79323d279840b2bc08ab9160a2f203
2024-08-12 20:45:45,189 Prepared values for opp_key: Madison-649e884cbfa54d98a4c4be38308a227a
2024-08-12 20:45:45,189 Prepared values for opp_key: Madison-c5dd15642c1a468a88a0b26f15a95865
2024-08-12 20:45:46,106 Data uploaded to PostgreSQL successfully.
2024-08-12 20:45:46,395 Prepared values for opp_key: Madison-f047c87851d74e1c895ad6dd2308d131
2024-08-12 20:45:46,395 Prepared values for opp_key: Madison-64f36ecf017e40f9beae49ff94402bd5
2024-08-12 20:45:46,395 Prepared values for opp_key: Madison-eb21ec6e570042ab8324ab34afe8e392
2024-08-12 20:45:46,395 Prepared values for opp_key: Madison-a9ab4ebcbc944858a9d8e04a0aaee471
2024-08-12 20:45:46,395 Prepared values for opp_key: Madison-b0e9f969b6594d55bd11ad1055c4b637
2024-08-12 20:45:47,289 Data uploaded to PostgreSQL successfully.
2024-08-12 20:45:47,580 Prepared values for opp_key: Madison-fdf69e95d04440e0adbd730b8c734ff2
2024-08-12 20:45:47,580 Prepared values for opp_key: Madison-a529a9ca8bca4f34a7acbab31d4e81c1
2024-08-12 20:45:47,581 Prepared values for opp_key: Madison-9de7cabacbcf4b32947380358cb7a668
2024-08-12 20:45:47,581 Prepared values for opp_key: Madison-15e3aacbf8be45edbcfa1670de1b07f6
2024-08-12 20:45:47,581 Prepared values for opp_key: Madison-513
2024-08-12 20:45:47,581 Prepared values for opp_key: Madison-678fc3695cdf4823b4e5151e657be7b7
2024-08-12 20:45:48,406 Data uploaded to PostgreSQL successfully.
2024-08-12 20:45:48,708 Prepared values for opp_key: Madison-fdffb6337fd14266b139b174be885314
2024-08-12 20:45:48,709 Prepared values for opp_key: Madison-110228af04dd4660a2bf272bf340ad5f
2024-08-12 20:45:48,709 Prepared values for opp_key: Madison-c34d29bf1c364c4ea83fbe91c74f8030
2024-08-12 20:45:48,709 Prepared values for opp_key: Madison-dd242204c381426ba215a8d613e5be16
2024-08-12 20:45:48,709 Prepared values for opp_key: Madison-11ba057678504be5826a176c667db8e9
2024-08-12 20:45:48,709 Prepared values for opp_key: Madison-540f4d16717a46439510ea28a03c3896
2024-08-12 20:45:49,501 Data uploaded to PostgreSQL successfully.
2024-08-12 20:45:49,803 Prepared values for opp_key: Madison-7a0a628bcf034e8d8f2948203930d72f
2024-08-12 20:45:49,804 Prepared values for opp_key: Madison-8529c8f3c05045a68fb9328206029332
2024-08-12 20:45:49,804 Prepared values for opp_key: Madison-a37c6242252b49caa920b8af74a1e063
2024-08-12 20:45:50,628 Data uploaded to PostgreSQL successfully.
2024-08-12 20:45:50,922 Prepared values for opp_key: Madison-e72e50c5ad224c9cb13a54bb68a7ec41
2024-08-12 20:45:50,923 Prepared values for opp_key: Madison-134228dfb8004a39859aa776b7d027dc
2024-08-12 20:45:50,923 Prepared values for opp_key: Madison-48c343a2346a4f7ca1eb0f8f5168d8e7
2024-08-12 20:45:50,923 Prepared values for opp_key: Madison-36433ca03e2d4fd99c03b29c6f2a530b
2024-08-12 20:45:50,924 Prepared values for opp_key: Madison-36fe80d7a3124e37b64d9ef66bd153ec
2024-08-12 20:45:50,924 Prepared values for opp_key: Madison-d706b7b416724472b9d6e7abfd629960
2024-08-12 20:45:51,797 Data uploaded to PostgreSQL successfully.
2024-08-12 20:45:52,096 Prepared values for opp_key: Madison-ead7ba59a0df4a1e9f13f4c4d72f00e0
2024-08-12 20:45:52,097 Prepared values for opp_key: Madison-c15235335df044c1b0d9e523bdb31328
2024-08-12 20:45:52,097 Prepared values for opp_key: Madison-52f161be3db742e0a7dc346fe4803380
2024-08-12 20:45:52,097 Prepared values for opp_key: Madison-a78fe18c27a341a8b8c73a87c1f52c97
2024-08-12 20:45:52,097 Prepared values for opp_key: Madison-501
2024-08-12 20:45:52,965 Data uploaded to PostgreSQL successfully.
2024-08-12 20:45:53,270 Prepared values for opp_key: Madison-cb81ddf3f8ea4cd7a8291ac24a257dfe
2024-08-12 20:45:53,270 Prepared values for opp_key: Madison-ae7e142ffb3b4a03ada442f5a1d1d86e
2024-08-12 20:45:53,270 Prepared values for opp_key: Madison-6fb130ec004d435cbe3a545a42d26ee3
2024-08-12 20:45:53,270 Prepared values for opp_key: Madison-1f0fc9361c714b8ea1a02e10c36d3264
2024-08-12 20:45:53,270 Prepared values for opp_key: Madison-b1c24b746da04a08a0af7a7a1243e886
2024-08-12 20:45:54,064 Data uploaded to PostgreSQL successfully.
2024-08-12 20:45:54,342 Prepared values for opp_key: Madison-93b3828d209f4d2d8eee7991e01a3140
2024-08-12 20:45:54,343 Prepared values for opp_key: Madison-28b7acb0545b4b569a67b980fa0a53d9
2024-08-12 20:45:54,343 Prepared values for opp_key: Madison-54351cb90e1540308a73179048b54e09
2024-08-12 20:45:55,177 Data uploaded to PostgreSQL successfully.
2024-08-12 20:45:55,530 Prepared values for opp_key: Madison-53a36bf0856a4c959c7356d1872ef33a
2024-08-12 20:45:55,530 Prepared values for opp_key: Madison-a99845770d5c44a9a4db46e1cbbe59de
2024-08-12 20:45:55,530 Prepared values for opp_key: Madison-56b94ff8f81d40fa8958f18f9e96cdc6
2024-08-12 20:45:55,530 Prepared values for opp_key: Madison-5f6cc9902f3c4a8da352478fc6149b51
2024-08-12 20:45:55,530 Prepared values for opp_key: Madison-857a9e7d3cc84adab18b69d3cab74f68
2024-08-12 20:45:55,530 Prepared values for opp_key: Madison-71f6d14dcd384af697173c2880a77b95
2024-08-12 20:45:55,530 Prepared values for opp_key: Madison-de691d25cffe401f8111468164cb2e8f
2024-08-12 20:45:56,859 Data uploaded to PostgreSQL successfully.
2024-08-12 20:45:57,139 Prepared values for opp_key: Madison-346f8199180a4061817b6295a64be63b
2024-08-12 20:45:57,139 Prepared values for opp_key: Madison-1e684251afa2483a8b7854e9b2cd5a18
2024-08-12 20:45:57,139 Prepared values for opp_key: Madison-2aed5ac2445a49c29f0404961c7e83eb
2024-08-12 20:45:57,139 Prepared values for opp_key: Madison-771b0e73438b441091238c75e3818dcb
2024-08-12 20:45:57,140 Prepared values for opp_key: Madison-638667824d7b40068c011bf75319abb5
2024-08-12 20:45:57,140 Prepared values for opp_key: Madison-50b83f1c91834e779e898c5fe0511e42
2024-08-12 20:45:58,194 Data uploaded to PostgreSQL successfully.
2024-08-12 20:45:58,498 Prepared values for opp_key: Madison-ed5b333768d24e1fa2e00c693ae6140e
2024-08-12 20:45:58,498 Prepared values for opp_key: Madison-a5a4f710b5e24bac878ff0a95b07daae
2024-08-12 20:45:58,499 Prepared values for opp_key: Madison-b024743529354b87ad36665a6ad6c3ab
2024-08-12 20:45:58,499 Prepared values for opp_key: Madison-fb70b03f097a41218d41bd0186a0c359
2024-08-12 20:45:59,329 Data uploaded to PostgreSQL successfully.
2024-08-12 20:45:59,621 Prepared values for opp_key: Madison-a3a619bba5464a96903257f30419615a
2024-08-12 20:45:59,622 Prepared values for opp_key: Madison-cd97154c9c2646b09df4e59da6f72763
2024-08-12 20:45:59,622 Prepared values for opp_key: Madison-9ee9fa8be433415b883785798152a919
2024-08-12 20:45:59,622 Prepared values for opp_key: Madison-a50c428bb8a8429ea06ac6b2b288b33c
2024-08-12 20:45:59,622 Prepared values for opp_key: Madison-d76a00c4253e4986a18c3fcbb98e1b88
2024-08-12 20:46:00,427 Data uploaded to PostgreSQL successfully.
2024-08-12 20:46:00,713 Prepared values for opp_key: Madison-d81ec469fe0c4e70bca1f63f122f3ae9
2024-08-12 20:46:00,713 Prepared values for opp_key: Madison-a6d5028d691b47b9a60afbfc80b1fbd8
2024-08-12 20:46:01,508 Data uploaded to PostgreSQL successfully.
2024-08-12 20:46:01,794 Prepared values for opp_key: Madison-403bd424db044f788b80a90b85ef218d
2024-08-12 20:46:01,794 Prepared values for opp_key: Madison-f99ea4c0a02547b9acc5bce7996d0c4a
2024-08-12 20:46:01,795 Prepared values for opp_key: Madison-6cc2e896124042edb0c1b1bf1644e707
2024-08-12 20:46:01,795 Prepared values for opp_key: Madison-2ab50d65507a4a0db784c373fa0def6d
2024-08-12 20:46:02,592 Data uploaded to PostgreSQL successfully.
2024-08-12 20:46:02,890 Prepared values for opp_key: Madison-edadd47c70b34b659fd9ba9b0445c005
2024-08-12 20:46:02,890 Prepared values for opp_key: Madison-498
2024-08-12 20:46:02,890 Prepared values for opp_key: Madison-4b67701a9332422584b6276a17b3ec2c
2024-08-12 20:46:02,890 Prepared values for opp_key: Madison-0b4981d9fe6944d3be500c9141784b8c
2024-08-12 20:46:03,682 Data uploaded to PostgreSQL successfully.
2024-08-12 20:46:03,959 Prepared values for opp_key: Madison-69eccb2880754ae58cf6d18fd1677b4b
2024-08-12 20:46:03,959 Prepared values for opp_key: Madison-fa051010cefc4b568bbd1f2deadfa665
2024-08-12 20:46:04,752 Data uploaded to PostgreSQL successfully.
2024-08-12 20:46:05,055 Prepared values for opp_key: Madison-d51ee1ac70bf4f0c8a9a1a459f47593b
2024-08-12 20:46:05,055 Prepared values for opp_key: Madison-b6c2a0b953f940c18dd3eaa4337a243a
2024-08-12 20:46:05,847 Data uploaded to PostgreSQL successfully.
2024-08-12 20:46:06,179 Prepared values for opp_key: Madison-c14b132551804a1b80993f8c1e2776a8
2024-08-12 20:46:06,180 Prepared values for opp_key: Madison-e7c467e4ec4b47d8873372e6afb3e73b
2024-08-12 20:46:06,180 Prepared values for opp_key: Madison-50e8d0bcd64244a88aac90ff16904ec9
2024-08-12 20:46:06,180 Prepared values for opp_key: Madison-d106409252f24b7e856798d2954200bf
2024-08-12 20:46:06,180 Prepared values for opp_key: Madison-ad7844f53d114f6983a5f86d15cdc736
2024-08-12 20:46:06,180 Prepared values for opp_key: Madison-6d77188c6304401daf083c7d65a59deb
2024-08-12 20:46:06,180 Prepared values for opp_key: Madison-3a95c2a458794ddc946a60c99923bbf5
2024-08-12 20:46:06,180 Prepared values for opp_key: Madison-0e41ba4591664a59a8937171e29a7146
2024-08-12 20:46:07,096 Data uploaded to PostgreSQL successfully.
2024-08-12 20:46:07,383 Prepared values for opp_key: Madison-505
2024-08-12 20:46:08,201 Data uploaded to PostgreSQL successfully.
2024-08-12 20:46:08,491 Prepared values for opp_key: Madison-7af048a9b57b40af9cbd57eeae686eb8
2024-08-12 20:46:09,345 Data uploaded to PostgreSQL successfully.
2024-08-12 20:46:09,622 Prepared values for opp_key: Madison-125bc013ff0f4df2891d3828b795738b
2024-08-12 20:46:09,622 Prepared values for opp_key: Madison-214cdbf1217a41dd809fc1ecd9c24a2a
2024-08-12 20:46:09,622 Prepared values for opp_key: Madison-2d8e4a118c784abc94ca41ab524ea719
2024-08-12 20:46:09,622 Prepared values for opp_key: Madison-5cb46a9a03e14dd69d8b7c8340f25b65
2024-08-12 20:46:09,622 Prepared values for opp_key: Madison-c993f48d057847f3b2f5fd24274d76a1
2024-08-12 20:46:10,493 Data uploaded to PostgreSQL successfully.
2024-08-12 20:46:10,798 Prepared values for opp_key: Madison-201e93d5a85140069fc6aa24ade08c4f
2024-08-12 20:46:10,798 Prepared values for opp_key: Madison-ab68aab146bd4acbaaf3952043e7901f
2024-08-12 20:46:10,799 Prepared values for opp_key: Madison-297effd855f8405e996172efed74a078
2024-08-12 20:46:10,799 Prepared values for opp_key: Madison-1159b2c5f25341bc93e5923122237b20
2024-08-12 20:46:11,623 Data uploaded to PostgreSQL successfully.
2024-08-12 20:46:11,896 Prepared values for opp_key: Madison-dc71fd7021d4487d839c265bc43348f4
2024-08-12 20:46:11,896 Prepared values for opp_key: Madison-a479080b6a054fd0b0b05382f431e335
2024-08-12 20:46:11,896 Prepared values for opp_key: Madison-c04697e1480543a59b678d30b2249a89
2024-08-12 20:46:12,686 Data uploaded to PostgreSQL successfully.
2024-08-12 20:46:13,041 Prepared values for opp_key: Madison-a18751ca76a144bfb046dd4b2b883924
2024-08-12 20:46:13,041 Prepared values for opp_key: Madison-56070add0ff84212b615677fd3b66bf6
2024-08-12 20:46:13,041 Prepared values for opp_key: Madison-86e6b906b21e41dba589a0441de63956
2024-08-12 20:46:13,041 Prepared values for opp_key: Madison-e076cd47c72f4e14bd716440e705ba95
2024-08-12 20:46:13,041 Prepared values for opp_key: Madison-91c0972dfdcb409bb8cfe3c9507b42f2
2024-08-12 20:46:13,041 Prepared values for opp_key: Madison-b8514d2fff124c908df10fd64cb8da14
2024-08-12 20:46:13,042 Prepared values for opp_key: Madison-ef92a8225cd04c3487db3d3afbc5597b
2024-08-12 20:46:13,042 Prepared values for opp_key: Madison-a3e716a029284f2cac058b8f797b278d
2024-08-12 20:46:13,042 Prepared values for opp_key: Madison-328b3b8e595541eeac507311178d73b3
2024-08-12 20:46:13,832 Data uploaded to PostgreSQL successfully.
2024-08-12 20:46:14,124 Prepared values for opp_key: Madison-1c7006c094c74d12a16689098511d7ca
2024-08-12 20:46:14,124 Prepared values for opp_key: Madison-bd752d41eb2745849ff5575087f66c4b
2024-08-12 20:46:14,124 Prepared values for opp_key: Madison-
2024-08-12 20:46:14,124 Prepared values for opp_key: Madison-989c8d9d9c9f4bb2bbbaee4dc7eeb2fb
2024-08-12 20:46:14,124 Prepared values for opp_key: Madison-a8d323bd97524b549ec1e316946f2457
2024-08-12 20:46:14,916 Data uploaded to PostgreSQL successfully.
2024-08-12 20:46:15,202 Prepared values for opp_key: Madison-bf790c4e363a4f678b073c0594eb7c25
2024-08-12 20:46:15,202 Prepared values for opp_key: Madison-1b5a4c7689d7488d815cc8a10feaa424
2024-08-12 20:46:15,203 Prepared values for opp_key: Madison-d37122a54cd947838bb7938fa78cb739
2024-08-12 20:46:15,203 Prepared values for opp_key: Madison-fc1e22121df04189ad2c0ae6612a4316
2024-08-12 20:46:15,203 Prepared values for opp_key: Madison-fdcd6dffd53f4c15a0bc1262a0fcc3e0
2024-08-12 20:46:15,203 Prepared values for opp_key: Madison-54057ccfc04440d887d42cdca95314ea
2024-08-12 20:46:15,203 Prepared values for opp_key: Madison-a083ffb5b7054f3a9ac9ae08dc24c4e3
2024-08-12 20:46:15,993 Data uploaded to PostgreSQL successfully.
2024-08-12 20:46:16,271 Prepared values for opp_key: Madison-508
2024-08-12 20:46:16,272 Prepared values for opp_key: Madison-13b87b0fd1334eb98d8279c271d27b23
2024-08-12 20:46:16,272 Prepared values for opp_key: Madison-b6e7c95093aa4b51bfb358753730a651
2024-08-12 20:46:16,272 Prepared values for opp_key: Madison-e335788256914535bdfad7ba67aae22d
2024-08-12 20:46:16,272 Prepared values for opp_key: Madison-459
2024-08-12 20:46:16,272 Prepared values for opp_key: Madison-5a2c298f22b94dd29f3ceb2ae529c193
2024-08-12 20:46:17,063 Data uploaded to PostgreSQL successfully.
2024-08-12 20:46:17,347 Prepared values for opp_key: Madison-19c0ae4c28bd40f2b5bcde10a3b4cbf1
2024-08-12 20:46:17,347 Prepared values for opp_key: Madison-fd818743c1024a3086765d0540383006
2024-08-12 20:46:17,347 Prepared values for opp_key: Madison-700bfa4910b147eca80be02cf1b94cd9
2024-08-12 20:46:17,347 Prepared values for opp_key: Madison-f635cf0b1cdd4f5088fc621f06eff5e0
2024-08-12 20:46:18,141 Data uploaded to PostgreSQL successfully.
2024-08-12 20:46:18,450 Prepared values for opp_key: Madison-693c9be6fd2c461cb9479d7a68d262af
2024-08-12 20:46:18,450 Prepared values for opp_key: Madison-0327a9cb51014edebfacaa13c86f9c6c
2024-08-12 20:46:18,450 Prepared values for opp_key: Madison-9b13babf11514b8681a44e5011380c0e
2024-08-12 20:46:18,450 Prepared values for opp_key: Madison-b7980a6491244a92a8a0e1118b63f725
2024-08-12 20:46:19,300 Data uploaded to PostgreSQL successfully.
2024-08-12 20:46:19,595 Prepared values for opp_key: Madison-ed7eaca5eb6f4d319f566f8e4866fc39
2024-08-12 20:46:19,596 Prepared values for opp_key: Madison-40094
2024-08-12 20:46:19,596 Prepared values for opp_key: Madison-64f1a79042ab4475a214a83fb4c73955
2024-08-12 20:46:19,596 Prepared values for opp_key: Madison-86899197f9af4be3a99baf28168beb67
2024-08-12 20:46:19,596 Prepared values for opp_key: Madison-512
2024-08-12 20:46:19,596 Prepared values for opp_key: Madison-b1036082d90c4dbdb65fa73ffb63734a
2024-08-12 20:46:19,596 Prepared values for opp_key: Madison-65aef7920e65458aa23ae0b21f8f9a78
2024-08-12 20:46:20,388 Data uploaded to PostgreSQL successfully.
2024-08-12 20:46:20,670 Prepared values for opp_key: Madison-2e2696ba621749b0a90f4bcbd075a83c
2024-08-12 20:46:20,670 Prepared values for opp_key: Madison-e0b40bfe3420431ca918ca2068aec873
2024-08-12 20:46:20,670 Prepared values for opp_key: Madison-9d5e0032a7d248268623e15eedc6e73a
2024-08-12 20:46:21,464 Data uploaded to PostgreSQL successfully.
2024-08-12 20:46:21,754 Prepared values for opp_key: Madison-953c15a65e654682ba040ef8e6935763
2024-08-12 20:46:21,754 Prepared values for opp_key: Madison-477fe37a88db4e33a092451a7f6e6af6
2024-08-12 20:46:21,755 Prepared values for opp_key: Madison-d9262a48670a4b488d5552d15217431f
2024-08-12 20:46:22,544 Data uploaded to PostgreSQL successfully.
2024-08-12 20:46:22,893 Prepared values for opp_key: Madison-8b57d28188454a8e9f12e10e1b4438b5
2024-08-12 20:46:22,893 Prepared values for opp_key: Madison-373016a49da140f5a134493a82377150
2024-08-12 20:46:22,894 Prepared values for opp_key: Madison-32a2ef5168a34fa7ba695b6a1759d1ea
2024-08-12 20:46:23,686 Data uploaded to PostgreSQL successfully.
2024-08-12 20:46:23,983 Prepared values for opp_key: Madison-23d1c47f04e14eca851bc9f927733b27
2024-08-12 20:46:23,984 Prepared values for opp_key: Madison-eacb1bbea7a741b4a0429f21a72233dc
2024-08-12 20:46:23,984 Prepared values for opp_key: Madison-38d3eb3c1ba6450b91b3536b249953fb
2024-08-12 20:46:23,984 Prepared values for opp_key: Madison-7e6579e200284eb18b847c59cb83a214
2024-08-12 20:46:23,984 Prepared values for opp_key: Madison-0053ed953a3a4862afd7d57fa552481a
2024-08-12 20:46:23,984 Prepared values for opp_key: Madison-20fd23d84c3a4595887d2ac08b627532
2024-08-12 20:46:24,775 Data uploaded to PostgreSQL successfully.
2024-08-12 20:46:25,079 Prepared values for opp_key: Madison-fccfe6d6e4b840aa80c0fb652f169531
2024-08-12 20:46:25,079 Prepared values for opp_key: Madison-497
2024-08-12 20:46:25,079 Prepared values for opp_key: Madison-e6b688abee72488ba3b6d7a3dc41dafe
2024-08-12 20:46:25,079 Prepared values for opp_key: Madison-00896bdd102a4d7ab9652a35539c244b
2024-08-12 20:46:25,939 Data uploaded to PostgreSQL successfully.
2024-08-12 20:46:26,234 Prepared values for opp_key: Madison-3cbc2720e1e64f67a253ab852488dfd4
2024-08-12 20:46:26,234 Prepared values for opp_key: Madison-dc7fb243801d40dc9233775d62a79624
2024-08-12 20:46:26,235 Prepared values for opp_key: Madison-ab3f1c4fd27c4980a145cd8d56d9e050
2024-08-12 20:46:26,235 Prepared values for opp_key: Madison-345d3d52995c4db78028b99e0705f45b
2024-08-12 20:46:26,235 Prepared values for opp_key: Madison-aff267500ab14b7fa93ef69c00ad8c45
2024-08-12 20:46:26,236 Prepared values for opp_key: Madison-c9eb542854244cde92129b23512a12df
2024-08-12 20:46:26,236 Prepared values for opp_key: Madison-1790a2cf763f4b68815457768ef14aeb
2024-08-12 20:46:26,236 Prepared values for opp_key: Madison-e59fda115be241ec8af1f1fb95945863
2024-08-12 20:46:27,166 Data uploaded to PostgreSQL successfully.
2024-08-12 20:46:27,579 Prepared values for opp_key: Madison-c387b039dd9640ad93492808b26de286
2024-08-12 20:46:27,579 Prepared values for opp_key: Madison-e93395d0dc47425b9b5c657a12009de0
2024-08-12 20:46:27,579 Prepared values for opp_key: Madison-e8513006a57d49eaac27cc36f421cc2e
2024-08-12 20:46:27,579 Prepared values for opp_key: Madison-e3069eff336741c690a4cba47ded6919
2024-08-12 20:46:28,370 Data uploaded to PostgreSQL successfully.
2024-08-12 20:46:28,672 Prepared values for opp_key: Madison-367543134b514fd093a475cba4e9560e
2024-08-12 20:46:28,673 Prepared values for opp_key: Madison-29b9faa5255a4a72a5c9b9221242e324
2024-08-12 20:46:28,673 Prepared values for opp_key: Madison-1bbc0102250e4574a35ba944213295e6
2024-08-12 20:46:28,673 Prepared values for opp_key: Madison-321f17dc08bc4828b7abd347032bf0d8
2024-08-12 20:46:28,674 Prepared values for opp_key: Madison-0fe1cd68d5524b5db3df3c6de7b898c3
2024-08-12 20:46:28,674 Prepared values for opp_key: Madison-460615ebebfd40d3886f13e792f7b428
2024-08-12 20:46:28,674 Prepared values for opp_key: Madison-febb681d73764c2fad8890eba88c6ea8
2024-08-12 20:46:29,524 Data uploaded to PostgreSQL successfully.
2024-08-12 20:46:29,834 Prepared values for opp_key: Madison-797600e0a98f45c28e11bdc08fdcec87
2024-08-12 20:46:29,835 Prepared values for opp_key: Madison-396b794416044e5caeb97b1c5df0cb0d
2024-08-12 20:46:29,835 Prepared values for opp_key: Madison-d9e0e151b1314b4ca7187cc0ed43ebec
2024-08-12 20:46:29,835 Prepared values for opp_key: Madison-6e397de7a623483aa7a239a280185d0f
2024-08-12 20:46:29,835 Prepared values for opp_key: Madison-bd4b5efc0ed04c91b451fbdd4db2fa32
2024-08-12 20:46:29,835 Prepared values for opp_key: Madison-0dea85f037bd4d8aad28220929d60558
2024-08-12 20:46:30,664 Data uploaded to PostgreSQL successfully.
2024-08-12 20:46:31,060 Prepared values for opp_key: Madison-f6ea5e857d9c42df899c527f3ed746b2
2024-08-12 20:46:31,060 Prepared values for opp_key: Madison-2724a08b4c834928ac426aa5b0a1eb93
2024-08-12 20:46:31,979 Data uploaded to PostgreSQL successfully.
2024-08-12 20:46:32,283 Prepared values for opp_key: Madison-43346800457d4e8392226c73390c6ded
2024-08-12 20:46:32,283 Prepared values for opp_key: Madison-37656445bf1341b791ba487b105efa09
2024-08-12 20:46:32,283 Prepared values for opp_key: Madison-e824da989d264f2499f61f17a42f67a6
2024-08-12 20:46:32,284 Prepared values for opp_key: Madison-fbb7dcc95c6a46729b47145578c7f646
2024-08-12 20:46:32,284 Prepared values for opp_key: Madison-4a6f5c3085254b70b44eb3fed8b8e240
2024-08-12 20:46:32,284 Prepared values for opp_key: Madison-2f18c289b00940289a66d6b189995971
2024-08-12 20:46:32,284 Prepared values for opp_key: Madison-ec45035c371742e6a265b8bac9e1b46d
2024-08-12 20:46:32,284 Prepared values for opp_key: Madison-52baa41824f34ed6bc003717a638e3d7
2024-08-12 20:46:32,285 Prepared values for opp_key: Madison-7c84d56056c5456491eb5d38dd5100fa
2024-08-12 20:46:33,161 Data uploaded to PostgreSQL successfully.
2024-08-12 20:46:33,449 Prepared values for opp_key: Madison-12524608ef6c483dbc1af3300bfb6638
2024-08-12 20:46:33,449 Prepared values for opp_key: Madison-e147ae184fc6496c8c619613531fce6d
2024-08-12 20:46:33,449 Prepared values for opp_key: Madison-34971b17836f4ca8b51c4cf6f11e77b2
2024-08-12 20:46:33,449 Prepared values for opp_key: Madison-188ecd638b0e4bd1a52f676c32aa76f7
2024-08-12 20:46:34,240 Data uploaded to PostgreSQL successfully.
2024-08-12 20:46:34,649 Prepared values for opp_key: Madison-e37a110fce814311a85e8f52db670876
2024-08-12 20:46:34,650 Prepared values for opp_key: Madison-5ea2496f75704fc79a880e111a48724b
2024-08-12 20:46:34,650 Prepared values for opp_key: Madison-e98aa5ab4f2b471fb6475bd3e4d53530
2024-08-12 20:46:34,650 Prepared values for opp_key: Madison-d7633bf82aef433a9a4426d67d85dd26
2024-08-12 20:46:34,650 Prepared values for opp_key: Madison-5690cc710d4e48e1ad142a129e81930e
2024-08-12 20:46:34,650 Prepared values for opp_key: Madison-877dc3a2fb4946fb9a024386f324c557
2024-08-12 20:46:35,480 Data uploaded to PostgreSQL successfully.
2024-08-12 20:46:35,781 Prepared values for opp_key: Madison-cd095d3c558d44edb21a0bd9c7ebb702
2024-08-12 20:46:35,781 Prepared values for opp_key: Madison-fccb0e6e3c744120bc3632308e634447
2024-08-12 20:46:35,782 Prepared values for opp_key: Madison-9043180bdbd14ba78736476d878ec5a6
2024-08-12 20:46:35,782 Prepared values for opp_key: Madison-4333eb8cbd9e4ebfb21faa9eebf25407
2024-08-12 20:46:35,782 Prepared values for opp_key: Madison-8e931141ca00414283e74df7cce99790
2024-08-12 20:46:35,782 Prepared values for opp_key: Madison-a7191a34b0144b479dad9d0ae9423148
2024-08-12 20:46:35,782 Prepared values for opp_key: Madison-568227d1b0df4fa185176eb0436797b6
2024-08-12 20:46:36,574 Data uploaded to PostgreSQL successfully.
2024-08-12 20:46:36,862 Prepared values for opp_key: Madison-64e15e456cfa4d258b1bf6c9b43f2489
2024-08-12 20:46:36,862 Prepared values for opp_key: Madison-044516af145d4303801e4ff440cdd9da
2024-08-12 20:46:36,862 Prepared values for opp_key: Madison-bc3751687aaf492b951a48012164c027
2024-08-12 20:46:36,863 Prepared values for opp_key: Madison-9f85d7ea684548298c35636690feef5b
2024-08-12 20:46:36,863 Prepared values for opp_key: Madison-08e1821d527f4955bda43fb49d8ff144
2024-08-12 20:46:36,863 Prepared values for opp_key: Madison-1d0fb9a4f07e407aae8892503b16cb2b
2024-08-12 20:46:36,863 Prepared values for opp_key: Madison-d57d04b735af4e30b99b299477b7caae
2024-08-12 20:46:36,863 Prepared values for opp_key: Madison-c751416b3e6f45f6aab478161a3154bb
2024-08-12 20:46:37,657 Data uploaded to PostgreSQL successfully.
2024-08-12 20:46:38,000 Prepared values for opp_key: Madison-798de2812337469388ae7523c1911e82
2024-08-12 20:46:38,000 Prepared values for opp_key: Madison-134b6c7a56854e54a9f6f0aaaa290ba1
2024-08-12 20:46:38,000 Prepared values for opp_key: Madison-8b3bce8978c74ff7b00d9ce129802ecc
2024-08-12 20:46:38,000 Prepared values for opp_key: Madison-b69164cc0e394872a92c8a72aa87d24c
2024-08-12 20:46:38,000 Prepared values for opp_key: Madison-4ddd62cf00cc4aebb7035eae3ce24a65
2024-08-12 20:46:38,000 Prepared values for opp_key: Madison-b886a7c56a0a4c9c818f909d2cf7516f
2024-08-12 20:46:38,792 Data uploaded to PostgreSQL successfully.
2024-08-12 20:46:39,082 Prepared values for opp_key: Madison-0c22ad6623b54cc5a35e53ab2ccfa792
2024-08-12 20:46:39,082 Prepared values for opp_key: Madison-36dde57db48e40ab855a477b866619e6
2024-08-12 20:46:39,082 Prepared values for opp_key: Madison-79fa4244fc184109a58607d2be7b4f6c
2024-08-12 20:46:39,924 Data uploaded to PostgreSQL successfully.
2024-08-12 20:46:40,226 Prepared values for opp_key: Madison-6d043514028441d09e620a4a451e42f1
2024-08-12 20:46:40,226 Prepared values for opp_key: Madison-4f00e4c4b7d94fc4acce55f601eef48c
2024-08-12 20:46:40,227 Prepared values for opp_key: Madison-be3c9ef15e774f16b2f79637be9cf061
2024-08-12 20:46:40,227 Prepared values for opp_key: Madison-2c95244d07e74f2f823e1b7c70c9a85d
2024-08-12 20:46:40,227 Prepared values for opp_key: Madison-fdacdbf381e047f5a0f83a59615298a3
2024-08-12 20:46:40,228 Prepared values for opp_key: Madison-781f7478b4954e26bdbcd1a41dd453eb
2024-08-12 20:46:40,228 Prepared values for opp_key: Madison-07f19ee08fa84205b2704c49d7737fde
2024-08-12 20:46:41,022 Data uploaded to PostgreSQL successfully.
2024-08-12 20:46:41,312 Prepared values for opp_key: Madison-9ec4565c38434c4eae58a4d5c5054fd0
2024-08-12 20:46:41,312 Prepared values for opp_key: Madison-1fa21940606146f2b426beb54b585fdf
2024-08-12 20:46:41,312 Prepared values for opp_key: Madison-7af3169314c440b498eba2d7a3b5b8fe
2024-08-12 20:46:41,312 Prepared values for opp_key: Madison-6d5b2f8f02414bef92b80d316d86a980
2024-08-12 20:46:42,115 Data uploaded to PostgreSQL successfully.
2024-08-12 20:46:42,418 Prepared values for opp_key: Madison-de11a32e70254d52a49451bd7548047a
2024-08-12 20:46:42,418 Prepared values for opp_key: Madison-6c387d7ab85a4d08a2ce24c557f61d8c
2024-08-12 20:46:42,418 Prepared values for opp_key: Madison-701c37bdd6f44d2f8aa25d98009c0e05
2024-08-12 20:46:42,418 Prepared values for opp_key: Madison-61b202b1210a450bb64ed1f915c810c7
2024-08-12 20:46:42,418 Prepared values for opp_key: Madison-6788399a95b94c46a7fe9f3f70eab34f
2024-08-12 20:46:43,212 Data uploaded to PostgreSQL successfully.
2024-08-12 20:46:43,556 Prepared values for opp_key: Madison-4bbd7e36ea534cdabe31377a25f97306
2024-08-12 20:46:43,557 Prepared values for opp_key: Madison-1dbea1fe682d48fc8605c9e80cd3d084
2024-08-12 20:46:43,557 Prepared values for opp_key: Madison-506
2024-08-12 20:46:43,557 Prepared values for opp_key: Madison-77bd35d6af4246b08e75322ec034674a
2024-08-12 20:46:43,557 Prepared values for opp_key: Madison-9e8a2944df5949f5bbdc298cc2991363
2024-08-12 20:46:43,557 Prepared values for opp_key: Madison-3e76e4423ade499b849976e1b271ecb7
2024-08-12 20:46:43,557 Prepared values for opp_key: Madison-6cf2cdc4fe494c84a506918b76fc36c9
2024-08-12 20:46:43,558 Prepared values for opp_key: Madison-ba180c57dd7c45b7854d2aa290bbb084
2024-08-12 20:46:44,349 Data uploaded to PostgreSQL successfully.
2024-08-12 20:46:44,647 Prepared values for opp_key: Madison-87e0784e443d48b0a7b73d99459ce2b0
2024-08-12 20:46:44,648 Prepared values for opp_key: Madison-7dadd8de8ff04187be1dc06dee0fbfbc
2024-08-12 20:46:44,648 Prepared values for opp_key: Madison-393d2cec4a2146c3913c60a8f28ba46f
2024-08-12 20:46:44,648 Prepared values for opp_key: Madison-97ff5ac84fe845568fe6c3275fc64bd5
2024-08-12 20:46:44,648 Prepared values for opp_key: Madison-a06282c1125f408a942455b622df4ab2
2024-08-12 20:46:44,648 Prepared values for opp_key: Madison-32d0ecdc9b77407dbf0d27f965611556
2024-08-12 20:46:45,446 Data uploaded to PostgreSQL successfully.
2024-08-12 20:46:45,734 Prepared values for opp_key: Madison-9ef3d8c0da814ba0b8a8952b1adfa181
2024-08-12 20:46:45,734 Prepared values for opp_key: Madison-85f1b69c395d42ffab54054d754aeed8
2024-08-12 20:46:45,734 Prepared values for opp_key: Madison-9c5ee490e8304e5da7fc378851995913
2024-08-12 20:46:45,735 Prepared values for opp_key: Madison-b6e15dfda39b42629d2c478fa8107bc7
2024-08-12 20:46:46,539 Data uploaded to PostgreSQL successfully.
2024-08-12 20:46:46,935 Prepared values for opp_key: Madison-841d450df1ab43fcabb22bbd1107a74d
2024-08-12 20:46:46,936 Prepared values for opp_key: Madison-cd7d88df52f548eeb8adf8585fa430b4
2024-08-12 20:46:46,936 Prepared values for opp_key: Madison-712d14e270fc453884134ed2b74055c8
2024-08-12 20:46:46,936 Prepared values for opp_key: Madison-a49ddc9b65a14653b53e41d83c9e1181
2024-08-12 20:46:47,768 Data uploaded to PostgreSQL successfully.
2024-08-12 20:46:48,062 Prepared values for opp_key: Madison-657acf6bc87a44b48597ce972ef6ba52
2024-08-12 20:46:48,063 Prepared values for opp_key: Madison-4ae91910043d4ed7a0538c2ad4f6c96f
2024-08-12 20:46:48,063 Prepared values for opp_key: Madison-16742251efb148dea59f45a1678ac657
2024-08-12 20:46:48,063 Prepared values for opp_key: Madison-37cce33b9b344904ba4df302f3235c16
2024-08-12 20:46:48,063 Prepared values for opp_key: Madison-6b0b0ebb286c4d98adf567ff05a4008b
2024-08-12 20:46:48,853 Data uploaded to PostgreSQL successfully.
2024-08-12 20:46:49,163 Prepared values for opp_key: Madison-1c3c25b5c4074cdaa7506e458331039f
2024-08-12 20:46:49,163 Prepared values for opp_key: Madison-3dfdb05e1c9b43ab95db8f8e0c089a70
2024-08-12 20:46:49,163 Prepared values for opp_key: Madison-1bd4543a6afa406aa9e77332cd3c71c5
2024-08-12 20:46:49,163 Prepared values for opp_key: Madison-02f07e96a98446d084cfdc7254a05262
2024-08-12 20:46:50,105 Data uploaded to PostgreSQL successfully.
2024-08-12 20:46:50,390 Prepared values for opp_key: Madison-50e990634c534896a900c2c3dccb4d0c
2024-08-12 20:46:51,291 Data uploaded to PostgreSQL successfully.
2024-08-12 20:46:51,585 Prepared values for opp_key: Madison-c82d17c770784a90a57d8eb789f3c556
2024-08-12 20:46:51,585 Prepared values for opp_key: Madison-9eb72c3d563f44229c24d9db7b066eb3
2024-08-12 20:46:51,585 Prepared values for opp_key: Madison-c8b65fb527ed4b98840df2d03f214367
2024-08-12 20:46:51,585 Prepared values for opp_key: Madison-1eb79635b3cb4621a839d3ae97c9cda7
2024-08-12 20:46:52,418 Data uploaded to PostgreSQL successfully.
2024-08-12 20:46:52,717 Prepared values for opp_key: Madison-493f66f2726f43419c93f5c9cae5e23a
2024-08-12 20:46:52,717 Prepared values for opp_key: Madison-ccd3c4a71e394c10a070e43e92a35a99
2024-08-12 20:46:52,718 Prepared values for opp_key: Madison-bec199719a5c4a428aa00787be631d18
2024-08-12 20:46:53,509 Data uploaded to PostgreSQL successfully.
2024-08-12 20:46:53,818 Prepared values for opp_key: Madison-19091d3bc96648b483908669e29b43e7
2024-08-12 20:46:53,818 Prepared values for opp_key: Madison-dfa4f786f3e74813affa3a7f56ed3613
2024-08-12 20:46:53,819 Prepared values for opp_key: Madison-8691e0709b4549e899da886f4a984a3b
2024-08-12 20:46:54,608 Data uploaded to PostgreSQL successfully.
2024-08-12 20:46:54,907 Prepared values for opp_key: Madison-5bce96c91ef94b2ba51682b19e18148e
2024-08-12 20:46:54,907 Prepared values for opp_key: Madison-d69980d3066c492e86f9ee348c26d766
2024-08-12 20:46:54,907 Prepared values for opp_key: Madison-d6f3e23f7f4a4f4a9c287d219ed05c37
2024-08-12 20:46:54,907 Prepared values for opp_key: Madison-05e1b1c4acf849079614c7abd8c09da0
2024-08-12 20:46:54,908 Prepared values for opp_key: Madison-b541e43eb28e4f9f89f4d08656122a47
2024-08-12 20:46:54,908 Prepared values for opp_key: Madison-ef5ea415bd104fa29769de1adda1d310
2024-08-12 20:46:54,908 Prepared values for opp_key: Madison-b17269c53b2442889ec9f141e633e665
2024-08-12 20:46:55,761 Data uploaded to PostgreSQL successfully.
2024-08-12 20:46:56,064 Prepared values for opp_key: Madison-3277007362a84b0f853d7c5452391bef
2024-08-12 20:46:56,064 Prepared values for opp_key: Madison-94beb03cb96249ee88385cf85718254e
2024-08-12 20:46:56,065 Prepared values for opp_key: Madison-9812d7c6b51342b793ae7e6b885edbeb
2024-08-12 20:46:56,855 Data uploaded to PostgreSQL successfully.
2024-08-12 20:46:57,150 Prepared values for opp_key: Madison-4a89d57841bc4325ac1aed9e75abd20c
2024-08-12 20:46:57,150 Prepared values for opp_key: Madison-68cf4ad7933243e8a6eeb8c9d2f9bb8d
2024-08-12 20:46:57,150 Prepared values for opp_key: Madison-0633cd032e5840838c228121724f5887
2024-08-12 20:46:57,940 Data uploaded to PostgreSQL successfully.
2024-08-12 20:46:58,233 Prepared values for opp_key: Madison-a7c76f845b2f49dea6c183c581a42ffb
2024-08-12 20:46:59,072 Data uploaded to PostgreSQL successfully.
2024-08-12 20:46:59,369 Prepared values for opp_key: Madison-1905e5a096fa4daf8b89fb7821959063
2024-08-12 20:46:59,369 Prepared values for opp_key: Madison-b04db217f5764f2b9d6325b507c73dfa
2024-08-12 20:46:59,370 Prepared values for opp_key: Madison-959b9bac74d7410cb46d0c5ea1a52521
2024-08-12 20:46:59,370 Prepared values for opp_key: Madison-1853ef2e0c354aadb4a1378276ffde8f
2024-08-12 20:46:59,370 Prepared values for opp_key: Madison-b87c7b68653e424880a9cbd44c9c7456
2024-08-12 20:46:59,370 Prepared values for opp_key: Madison-47672c3d7b264b07b9fe0658ca0129dc
2024-08-12 20:46:59,371 Prepared values for opp_key: Madison-089500512ccc4fb5a29b6976ca5a5cad
2024-08-12 20:47:00,263 Data uploaded to PostgreSQL successfully.
2024-08-12 20:47:00,553 Prepared values for opp_key: Madison-a7982db2eee54d0db1540ef2e4e58006
2024-08-12 20:47:00,553 Prepared values for opp_key: Madison-a2d0ea2417d0414a983aabb32ba0885e
2024-08-12 20:47:00,553 Prepared values for opp_key: Madison-5acd354c0a7f4d83a7e438ad1d4abd30
2024-08-12 20:47:01,346 Data uploaded to PostgreSQL successfully.
2024-08-12 20:47:01,648 Prepared values for opp_key: Madison-bc6d2020ffbb4615848f6faec5c4c4f0
2024-08-12 20:47:01,648 Prepared values for opp_key: Madison-3e8c563bd246482e8c466993fc6c3b18
2024-08-12 20:47:01,649 Prepared values for opp_key: Madison-b2f9682ce1924c9283f9ba909afa9692
2024-08-12 20:47:01,649 Prepared values for opp_key: Madison-9337bd8ce73d46bf971b754c02c546a9
2024-08-12 20:47:02,443 Data uploaded to PostgreSQL successfully.
2024-08-12 20:47:02,809 Prepared values for opp_key: Madison-b002e149940547e28388ef142ada6010
2024-08-12 20:47:02,810 Prepared values for opp_key: Madison-6b4d0ad28b754cfcb6350853a689fb55
2024-08-12 20:47:02,810 Prepared values for opp_key: Madison-64c75f9fce314121a52e05a29ba1a3d3
2024-08-12 20:47:02,810 Prepared values for opp_key: Madison-7ee7e799558f47e993c144a8d276b0fa
2024-08-12 20:47:02,811 Prepared values for opp_key: Madison-b55bdbaf68844fca8d02411e80e3016a
2024-08-12 20:47:02,811 Prepared values for opp_key: Madison-858c33c6b4604ab7a99ea8f838ffcc38
2024-08-12 20:47:02,811 Prepared values for opp_key: Madison-484360199b364303b38a0c5f3f8907f9
2024-08-12 20:47:02,811 Prepared values for opp_key: Madison-0a6a83c0c7c5405babc17cc5a3f51c47
2024-08-12 20:47:02,811 Prepared values for opp_key: Madison-acda38f0b2084d2fa70d5df0c39d183c
2024-08-12 20:47:03,712 Data uploaded to PostgreSQL successfully.
2024-08-12 20:47:04,010 Prepared values for opp_key: Madison-b574d61712c041babe6e73f84b467c70
2024-08-12 20:47:04,011 Prepared values for opp_key: Madison-91c07cf4a52146b39dc893c1d1920ebc
2024-08-12 20:47:04,011 Prepared values for opp_key: Madison-bf9c208b0543445e8d22a6e4dec21d49
2024-08-12 20:47:04,011 Prepared values for opp_key: Madison-7dc7b2adcc5744eda421fe2ed028df2f
2024-08-12 20:47:04,012 Prepared values for opp_key: Madison-9621fbe3d5e44710807fd713909c2616
2024-08-12 20:47:04,012 Prepared values for opp_key: Madison-5b572f04ae4d4a0880562dfb83f5c2e7
2024-08-12 20:47:04,012 Prepared values for opp_key: Madison-568ccc6f8b404aec82b76b07394e76ba
2024-08-12 20:47:04,910 Data uploaded to PostgreSQL successfully.
2024-08-12 20:47:05,216 Prepared values for opp_key: Madison-d39d46c6b2f8482c81c2b7dbd965cbde
2024-08-12 20:47:05,216 Prepared values for opp_key: Madison-7e16b04d85a04336837331dde423f377
2024-08-12 20:47:05,216 Prepared values for opp_key: Madison-502
2024-08-12 20:47:05,216 Prepared values for opp_key: Madison-702472ba6d3d4efebaf3d30a74b6e0dd
2024-08-12 20:47:05,216 Prepared values for opp_key: Madison-503
2024-08-12 20:47:05,216 Prepared values for opp_key: Madison-960021e8e4dc4589be4a40c15f247eec
2024-08-12 20:47:06,079 Data uploaded to PostgreSQL successfully.
2024-08-12 20:47:06,393 Prepared values for opp_key: Madison-143a34ec5106478aa9f8bf6a96f105eb
2024-08-12 20:47:06,394 Prepared values for opp_key: Madison-31bbc9c6764d47da82a974b974273ba2
2024-08-12 20:47:06,394 Prepared values for opp_key: Madison-aa6417d75bc64e0aa9b1da276c856328
2024-08-12 20:47:07,182 Data uploaded to PostgreSQL successfully.
2024-08-12 20:47:07,468 Prepared values for opp_key: Madison-089e68cfb57748f084c02b084221382c
2024-08-12 20:47:07,468 Prepared values for opp_key: Madison-514
2024-08-12 20:47:07,469 Prepared values for opp_key: Madison-77ad00431ce94af5ac66e5f21a9ab672
2024-08-12 20:47:07,469 Prepared values for opp_key: Madison-94bc526ecbf14e5ebe4d818ac3f41bed
2024-08-12 20:47:08,260 Data uploaded to PostgreSQL successfully.
2024-08-12 20:47:08,537 Prepared values for opp_key: Madison-e10c50b8e1c54bfa8c732a6cffa7f2b6
2024-08-12 20:47:08,538 Prepared values for opp_key: Madison-db59f8f5ead5460aa57a42a61005c74c
2024-08-12 20:47:09,373 Data uploaded to PostgreSQL successfully.
2024-08-12 20:47:09,661 Prepared values for opp_key: Madison-c61403a875bb4953a8b9b98409f25c71
2024-08-12 20:47:09,662 Prepared values for opp_key: Madison-d1cec160afea4605b1431d455e8e38eb
2024-08-12 20:47:10,556 Data uploaded to PostgreSQL successfully.
2024-08-12 20:47:10,842 Prepared values for opp_key: Madison-4cbafb4c3ec5496bbf00cfe47b20c8cd
2024-08-12 20:47:10,842 Prepared values for opp_key: Madison-aa9968a24cb647ee8bc4c8d9e70ed41e
2024-08-12 20:47:10,842 Prepared values for opp_key: Madison-059dec8415c54394adca8384c9af555d
2024-08-12 20:47:10,842 Prepared values for opp_key: Madison-901dbd8d550d4ec4902c3d0cc8c8691c
2024-08-12 20:47:10,842 Prepared values for opp_key: Madison-6cc289ca96ff4604aecc39e342afc901
2024-08-12 20:47:10,843 Prepared values for opp_key: Madison-b0ba28fee49f44328af9a7ab943068ff
2024-08-12 20:47:11,814 Data uploaded to PostgreSQL successfully.
2024-08-12 20:47:12,108 Prepared values for opp_key: Madison-2051b95830a3498e96fae6022a8e4d3e
2024-08-12 20:47:12,109 Prepared values for opp_key: Madison-517
2024-08-12 20:47:12,109 Prepared values for opp_key: Madison-494
2024-08-12 20:47:12,109 Prepared values for opp_key: Madison-71be751293084c9193dac6487bff80a8
2024-08-12 20:47:12,901 Data uploaded to PostgreSQL successfully.
2024-08-12 20:47:13,245 Prepared values for opp_key: Madison-a75cf4cc6d634993ab1041b11951e2bb
2024-08-12 20:47:13,245 Prepared values for opp_key: Madison-6bc0ca8341a446bda90fa89c2db9958a
2024-08-12 20:47:13,246 Prepared values for opp_key: Madison-22f9793f063a422896f00361551d2f49
2024-08-12 20:47:13,246 Prepared values for opp_key: Madison-2c079073739d4e95a34a5718b017187c
2024-08-12 20:47:13,246 Prepared values for opp_key: Madison-0551c03c7da64752b6d2ab21c8d003b3
2024-08-12 20:47:14,085 Data uploaded to PostgreSQL successfully.
2024-08-12 20:47:14,383 Prepared values for opp_key: Madison-5ea074063a474e1bacc746e14b2daa67
2024-08-12 20:47:14,383 Prepared values for opp_key: Madison-ae1b20d347c04a9b84bb9f7d03caa5aa
2024-08-12 20:47:14,384 Prepared values for opp_key: Madison-e6d83d8de98d494a9b782254b0afb359
2024-08-12 20:47:14,384 Prepared values for opp_key: Madison-ea3779aff07a43b4889b7ccb031ac355
2024-08-12 20:47:15,193 Data uploaded to PostgreSQL successfully.
2024-08-12 20:47:15,482 Prepared values for opp_key: Madison-7143e1593818493383907f6d8fd39d4d
2024-08-12 20:47:15,482 Prepared values for opp_key: Madison-c62354356c524691b56d0ed63083fb9d
2024-08-12 20:47:15,482 Prepared values for opp_key: Madison-492
2024-08-12 20:47:16,381 Data uploaded to PostgreSQL successfully.
2024-08-12 20:47:16,676 Prepared values for opp_key: Madison-63f915abcc3b41dcb292037b17491498
2024-08-12 20:47:16,676 Prepared values for opp_key: Madison-5421b3872f2c437881c6748db223d68b
2024-08-12 20:47:16,676 Prepared values for opp_key: Madison-5076b3a6177c48a2a203ae6eb9d0b0de
2024-08-12 20:47:16,676 Prepared values for opp_key: Madison-505559ebcd4d43d189e35485a47a0536
2024-08-12 20:47:16,676 Prepared values for opp_key: Madison-68365f67a4ff4077b4c996d8b303ee49
2024-08-12 20:47:16,676 Prepared values for opp_key: Madison-0f740a008867462faf5b5f3af52b1624
2024-08-12 20:47:16,676 Prepared values for opp_key: Madison-9ec51eccd44640ee94e7cdceff0ce7d4
2024-08-12 20:47:16,677 Prepared values for opp_key: Madison-c5703f4dd347403bad8af743cc19ed48
2024-08-12 20:47:17,467 Data uploaded to PostgreSQL successfully.
2024-08-12 20:47:17,743 Prepared values for opp_key: Madison-ef6a7e33994a4937b04edc6ac69c153b
2024-08-12 20:47:17,744 Prepared values for opp_key: Madison-dd8f054bafe148c5a2e3c9c48c48bd38
2024-08-12 20:47:17,744 Prepared values for opp_key: Madison-f0958260d3bd43c4876259200cedc85c
2024-08-12 20:47:17,744 Prepared values for opp_key: Madison-9057249e2a234d5e88d3db44d4ad0611
2024-08-12 20:47:17,744 Prepared values for opp_key: Madison-9a733f3d34a84cd1851ea26322ff1919
2024-08-12 20:47:18,538 Data uploaded to PostgreSQL successfully.
2024-08-12 20:47:18,884 Prepared values for opp_key: Madison-4244a7fa435142318567c26c48c6d1a9
2024-08-12 20:47:18,884 Prepared values for opp_key: Madison-a30f466f8f964b5cb208666b603aae05
2024-08-12 20:47:18,884 Prepared values for opp_key: Madison-99433e22df46419ab7ca8aa124d0fa12
2024-08-12 20:47:18,884 Prepared values for opp_key: Madison-df89e94a08d14cfda7543a750153d01c
2024-08-12 20:47:18,884 Prepared values for opp_key: Madison-33b531a056ce485887e087343090c3ec
2024-08-12 20:47:19,676 Data uploaded to PostgreSQL successfully.
2024-08-12 20:47:20,012 Prepared values for opp_key: Madison-aa8613a94f8a4aa2b365842a28a671e1
2024-08-12 20:47:20,012 Prepared values for opp_key: Madison-a34af444299c46e0bc9fec11b2440840
2024-08-12 20:47:20,013 Prepared values for opp_key: Madison-862b8265c13b421187e73857a5dd2727
2024-08-12 20:47:20,013 Prepared values for opp_key: Madison-fa3d254a83e14b0c8b335d36a8182dea
2024-08-12 20:47:20,013 Prepared values for opp_key: Madison-22526997cac04a2684f253c7291d9290
2024-08-12 20:47:20,013 Prepared values for opp_key: Madison-383e04f44eb04a1db905128621676b45
2024-08-12 20:47:20,013 Prepared values for opp_key: Madison-e3f3ca3517424c02ae945877e920c5d6
2024-08-12 20:47:20,850 Data uploaded to PostgreSQL successfully.
2024-08-12 20:47:21,137 Prepared values for opp_key: Madison-6c3f29ac5048486c8b55ae25a9b8cba0
2024-08-12 20:47:21,137 Prepared values for opp_key: Madison-09e45cf82ee04a018f0658f36bcdca8c
2024-08-12 20:47:21,137 Prepared values for opp_key: Madison-3cee6b664b5f4fb4b835858a6a71f669
2024-08-12 20:47:21,137 Prepared values for opp_key: Madison-1ae0ac581e1c47139e2e750063a38335
2024-08-12 20:47:21,137 Prepared values for opp_key: Madison-df15dc27471f47c5b49f78c330586374
2024-08-12 20:47:21,137 Prepared values for opp_key: Madison-6254fd8042824333b65a91725eed45f2
2024-08-12 20:47:21,137 Prepared values for opp_key: Madison-cea92b2531024626b187ef1a905f8fe8
2024-08-12 20:47:21,932 Data uploaded to PostgreSQL successfully.
2024-08-12 20:47:22,220 Prepared values for opp_key: Madison-8e7ae657856b4614a3ccf3b3da1f4dc2
2024-08-12 20:47:22,221 Prepared values for opp_key: Madison-500
2024-08-12 20:47:22,221 Prepared values for opp_key: Madison-d005a657c49041858de05462d59b4048
2024-08-12 20:47:22,221 Prepared values for opp_key: Madison-b5f594e47c3146649c0757599426b4d2
2024-08-12 20:47:22,221 Prepared values for opp_key: Madison-7ffe07dd35ae45088b86d5c6fb124aba
2024-08-12 20:47:22,221 Prepared values for opp_key: Madison-4051c7863ba243f6aac4c414eabad858
2024-08-12 20:47:22,221 Prepared values for opp_key: Madison-3373b32e9b154479ae5a25caa0fded88
2024-08-12 20:47:23,012 Data uploaded to PostgreSQL successfully.
2024-08-12 20:47:23,286 Prepared values for opp_key: Madison-bc03aef1337548b695905911e49d689f
2024-08-12 20:47:23,287 Prepared values for opp_key: Madison-b243e37584de4aedbf8d05367fd90432
2024-08-12 20:47:23,287 Prepared values for opp_key: Madison-aa6dcebdfc524014a4b7edfa9af6d032
2024-08-12 20:47:24,076 Data uploaded to PostgreSQL successfully.
2024-08-12 20:47:24,366 Prepared values for opp_key: Madison-4e17a04544944b548286f76386be9778
2024-08-12 20:47:24,367 Prepared values for opp_key: Madison-f2d4b48abd1f4ae6a009554cfe6a0f74
2024-08-12 20:47:25,229 Data uploaded to PostgreSQL successfully.
2024-08-12 20:47:25,537 Prepared values for opp_key: Madison-863aa29111d543568f2c900c8eb67096
2024-08-12 20:47:26,371 Data uploaded to PostgreSQL successfully.
2024-08-12 20:47:26,647 Prepared values for opp_key: Madison-9174a5534bc547feab4ad20b486616ba
2024-08-12 20:47:26,647 Prepared values for opp_key: Madison-ba406fef5c5846139afa598f90957c1d
2024-08-12 20:47:26,648 Prepared values for opp_key: Madison-8b9428b667e74716affddaeab8ed4c5f
2024-08-12 20:47:27,585 Data uploaded to PostgreSQL successfully.
2024-08-12 20:47:27,893 Prepared values for opp_key: Madison-5fb2053761a14f04ad09002d64a489b9
2024-08-12 20:47:27,893 Prepared values for opp_key: Madison-45fcc0c75df24088aec659facde494a8
2024-08-12 20:47:28,711 Data uploaded to PostgreSQL successfully.
2024-08-12 20:47:29,006 Prepared values for opp_key: Madison-1fc741364d744ea3bc2ab492a7b6e6d0
2024-08-12 20:47:29,007 Prepared values for opp_key: Madison-486
2024-08-12 20:47:29,007 Prepared values for opp_key: Madison-a911f069dd40488da1c54b98f0d7cc04
2024-08-12 20:47:29,007 Prepared values for opp_key: Madison-1db01a5412e145de838615545132a6eb
2024-08-12 20:47:29,797 Data uploaded to PostgreSQL successfully.
2024-08-12 20:47:30,144 Prepared values for opp_key: Madison-bb75a82897e64af8b614443782ed8974
2024-08-12 20:47:30,144 Prepared values for opp_key: Madison-7619ebc3fba440aa8bb10c8bd881cc90
2024-08-12 20:47:30,144 Prepared values for opp_key: Madison-5dce75c12e0d4ed1a455e17c4bcc1b3f
2024-08-12 20:47:30,144 Prepared values for opp_key: Madison-493
2024-08-12 20:47:30,936 Data uploaded to PostgreSQL successfully.
2024-08-12 20:47:31,272 Prepared values for opp_key: Madison-34a53ca35afe49f5a86c4ae3e17de49a
2024-08-12 20:47:31,273 Prepared values for opp_key: Madison-66561ead93794713ab82ffa688e0e42d
2024-08-12 20:47:31,273 Prepared values for opp_key: Madison-70e1e642547342ef99029a3bdec83def
2024-08-12 20:47:31,273 Prepared values for opp_key: Madison-71899f6989f941fe9e77305b3e6bddc9
2024-08-12 20:47:31,273 Prepared values for opp_key: Madison-1ecd418e2c8441838495576af6288b35
2024-08-12 20:47:32,193 Data uploaded to PostgreSQL successfully.
2024-08-12 20:47:32,482 Prepared values for opp_key: Madison-499
2024-08-12 20:47:32,482 Prepared values for opp_key: Madison-15e0e3532d7b478d82090b0aa0f15ddd
2024-08-12 20:47:33,378 Data uploaded to PostgreSQL successfully.
2024-08-12 20:47:33,726 Prepared values for opp_key: Madison-d08f5da8b7ef4eff8ced66107a262a26
2024-08-12 20:47:33,727 Prepared values for opp_key: Madison-d714aa73c1b943178bbd0641ce2f8519
2024-08-12 20:47:33,727 Prepared values for opp_key: Madison-75a8be093e524008938961f2b22ec128
2024-08-12 20:47:34,515 Data uploaded to PostgreSQL successfully.
2024-08-12 20:47:34,808 Prepared values for opp_key: Madison-d8a79b6964cd4c1e8a3d41cbf41efc33
2024-08-12 20:47:34,809 Prepared values for opp_key: Madison-1a37f07697cc4aa9a08c151c7331929e
2024-08-12 20:47:34,809 Prepared values for opp_key: Madison-12af951733df4779a20f34543152638d
2024-08-12 20:47:35,693 Data uploaded to PostgreSQL successfully.
2024-08-12 20:47:35,979 Prepared values for opp_key: Madison-7f12954501dd46d7b4e8c4a9aaca9f56
2024-08-12 20:47:35,979 Prepared values for opp_key: Madison-28cde1797242460ea998cc85b6dd69e5
2024-08-12 20:47:35,979 Prepared values for opp_key: Madison-bd3cc3b9d334493c864f361de3339bd1
2024-08-12 20:47:35,979 Prepared values for opp_key: Madison-1fb201c35942482882fb9e0179d672d2
2024-08-12 20:47:35,979 Prepared values for opp_key: Madison-1ca6889478b74d039c6c961a52a5070f
2024-08-12 20:47:35,979 Prepared values for opp_key: Madison-4ff9cf70b10b46c1b20a01c429ca1a6e
2024-08-12 20:47:36,903 Data uploaded to PostgreSQL successfully.
2024-08-12 20:47:37,223 Prepared values for opp_key: Madison-a9bc959a248c4d899f48cc4af53970da
2024-08-12 20:47:37,223 Prepared values for opp_key: Madison-e05beff0769e4fa9ba3daf877fac241f
2024-08-12 20:47:37,224 Prepared values for opp_key: Madison-e61cc7cef97749e6aca421b09fe3a69c
2024-08-12 20:47:37,224 Prepared values for opp_key: Madison-48f5adf9e575446987aef008cc37529b
2024-08-12 20:47:37,224 Prepared values for opp_key: Madison-a81f95c1b6b448ba85b28932bed0f801
2024-08-12 20:47:37,224 Prepared values for opp_key: Madison-97bd32d6b21f403a84b4f5542889c969
2024-08-12 20:47:37,224 Prepared values for opp_key: Madison-490
2024-08-12 20:47:38,016 Data uploaded to PostgreSQL successfully.
2024-08-12 20:47:38,309 Prepared values for opp_key: Madison-9e0a68aaa07a46ae84be0cf5af82c7a9
2024-08-12 20:47:38,310 Prepared values for opp_key: Madison-05433437c0c44d71becd7ddc5a2caf9d
2024-08-12 20:47:38,310 Prepared values for opp_key: Madison-5af24ac25503401b8b82a6c98e864dca
2024-08-12 20:47:39,102 Data uploaded to PostgreSQL successfully.
2024-08-12 20:47:39,379 Prepared values for opp_key: Madison-308fd8f6ae6946ecb83b7ade6380e288
2024-08-12 20:47:39,380 Prepared values for opp_key: Madison-0c263c8ca2454602aa044af68665c1b8
2024-08-12 20:47:39,381 Prepared values for opp_key: Madison-28c806e12cde43189da8b83ea0d7478a
2024-08-12 20:47:39,381 Prepared values for opp_key: Madison-b425b16d222648278ae8e018360b7acb
2024-08-12 20:47:40,242 Data uploaded to PostgreSQL successfully.
2024-08-12 20:47:40,547 Prepared values for opp_key: Madison-fec06c33069b4b819228e949ffd6376b
2024-08-12 20:47:40,547 Prepared values for opp_key: Madison-f30c9f45f29e4459bf94a5859bf06ac0
2024-08-12 20:47:40,547 Prepared values for opp_key: Madison-5f09b5ec7db44474940a88e9c2a1adbb
2024-08-12 20:47:40,547 Prepared values for opp_key: Madison-16e383c2e4e84cb0ab1f743d3e46822e
2024-08-12 20:47:40,547 Prepared values for opp_key: Madison-fc74281b79674e5496a7c22291f4d26c
2024-08-12 20:47:41,338 Data uploaded to PostgreSQL successfully.
2024-08-12 20:47:41,616 Prepared values for opp_key: Madison-bed9fef33755422fb07fdf817b26ce38
2024-08-12 20:47:41,616 Prepared values for opp_key: Madison-68a1234289794805813adc53a9fa31a1
2024-08-12 20:47:41,616 Prepared values for opp_key: Madison-d8351479d2004f7180bf743d42f4bb3e
2024-08-12 20:47:41,616 Prepared values for opp_key: Madison-95a7aaee757247d19b9d30491984a6da
2024-08-12 20:47:42,424 Data uploaded to PostgreSQL successfully.
2024-08-12 20:47:42,691 Prepared values for opp_key: Madison-669f356e6cc549d8a43c98034d7a836a
2024-08-12 20:47:42,691 Prepared values for opp_key: Madison-3750fac889dc423c81dd4dc5bc5287bb
2024-08-12 20:47:43,660 Data uploaded to PostgreSQL successfully.
